# JRE version: OpenJDK Runtime Environment Temurin-17.0.10+7 (17.0.10+7) (build 17.0.10+7)
# Java VM: OpenJDK 64-Bit Server VM Temurin-17.0.10+7 (17.0.10+7, mixed mode, tiered, compressed oops, compressed class ptrs, parallel gc, windows-amd64)
GC Precious Log:
 CPUs: 4 total, 4 available
 Memory: 1949M
 Large Page Support: Disabled
 NUMA Support: Disabled
 Compressed Oops: Enabled (32-bit)
 Alignments: Space 512K, Generation 512K, Heap 2M
 Heap Min Capacity: 100M
 Heap Initial Capacity: 100M
 Heap Max Capacity: 1G
 Pre-touch: Disabled
 Parallel Workers: 4
Heap:
 PSYoungGen      total 16896K, used 10358K [0x00000000eab00000, 0x00000000ec680000, 0x0000000100000000)
  eden space 14848K, 56% used [0x00000000eab00000,0x00000000eb323e98,0x00000000eb980000)
  from space 2048K, 98% used [0x00000000ebe80000,0x00000000ec079a28,0x00000000ec080000)
  to   space 5120K, 0% used [0x00000000eb980000,0x00000000eb980000,0x00000000ebe80000)
 ParOldGen       total 68608K, used 51105K [0x00000000c0000000, 0x00000000c4300000, 0x00000000eab00000)
  object space 68608K, 74% used [0x00000000c0000000,0x00000000c31e8770,0x00000000c4300000)
 Metaspace       used 59631K, committed 60672K, reserved 1114112K
  class space    used 6422K, committed 6848K, reserved 1048576K
GC Heap History (20 events):
Event: 308.132 GC heap before
{Heap before GC invocations=32 (full 2):
 PSYoungGen      total 20480K, used 20480K [0x00000000eab00000, 0x00000000ec800000, 0x0000000100000000)
  eden space 18432K, 100% used [0x00000000eab00000,0x00000000ebd00000,0x00000000ebd00000)
  from space 2048K, 100% used [0x00000000ebd00000,0x00000000ebf00000,0x00000000ebf00000)
  to   space 5632K, 0% used [0x00000000ec280000,0x00000000ec280000,0x00000000ec800000)
 ParOldGen       total 68608K, used 41633K [0x00000000c0000000, 0x00000000c4300000, 0x00000000eab00000)
  object space 68608K, 60% used [0x00000000c0000000,0x00000000c28a8408,0x00000000c4300000)
 Metaspace       used 58424K, committed 59520K, reserved 1114112K
  class space    used 6314K, committed 6784K, reserved 1048576K
}
Event: 308.143 GC heap after
{Heap after GC invocations=32 (full 2):
 PSYoungGen      total 21504K, used 2765K [0x00000000eab00000, 0x00000000ec580000, 0x0000000100000000)
  eden space 18432K, 0% used [0x00000000eab00000,0x00000000eab00000,0x00000000ebd00000)
  from space 3072K, 90% used [0x00000000ec280000,0x00000000ec533520,0x00000000ec580000)
  to   space 3584K, 0% used [0x00000000ebe80000,0x00000000ebe80000,0x00000000ec200000)
 ParOldGen       total 68608K, used 43673K [0x00000000c0000000, 0x00000000c4300000, 0x00000000eab00000)
  object space 68608K, 63% used [0x00000000c0000000,0x00000000c2aa6408,0x00000000c4300000)
 Metaspace       used 58424K, committed 59520K, reserved 1114112K
  class space    used 6314K, committed 6784K, reserved 1048576K
}
Event: 308.986 GC heap before
{Heap before GC invocations=33 (full 2):
 PSYoungGen      total 21504K, used 21197K [0x00000000eab00000, 0x00000000ec580000, 0x0000000100000000)
  eden space 18432K, 100% used [0x00000000eab00000,0x00000000ebd00000,0x00000000ebd00000)
  from space 3072K, 90% used [0x00000000ec280000,0x00000000ec533520,0x00000000ec580000)
  to   space 3584K, 0% used [0x00000000ebe80000,0x00000000ebe80000,0x00000000ec200000)
 ParOldGen       total 68608K, used 43673K [0x00000000c0000000, 0x00000000c4300000, 0x00000000eab00000)
  object space 68608K, 63% used [0x00000000c0000000,0x00000000c2aa6408,0x00000000c4300000)
 Metaspace       used 58576K, committed 59648K, reserved 1114112K
  class space    used 6322K, committed 6784K, reserved 1048576K
}
Event: 309.014 GC heap after
{Heap after GC invocations=33 (full 2):
 PSYoungGen      total 22016K, used 3126K [0x00000000eab00000, 0x00000000ec400000, 0x0000000100000000)
  eden space 18432K, 0% used [0x00000000eab00000,0x00000000eab00000,0x00000000ebd00000)
  from space 3584K, 87% used [0x00000000ebe80000,0x00000000ec18dab8,0x00000000ec200000)
  to   space 2048K, 0% used [0x00000000ec200000,0x00000000ec200000,0x00000000ec400000)
 ParOldGen       total 68608K, used 46385K [0x00000000c0000000, 0x00000000c4300000, 0x00000000eab00000)
  object space 68608K, 67% used [0x00000000c0000000,0x00000000c2d4c500,0x00000000c4300000)
 Metaspace       used 58576K, committed 59648K, reserved 1114112K
  class space    used 6322K, committed 6784K, reserved 1048576K
}
Event: 310.077 GC heap before
{Heap before GC invocations=34 (full 2):
 PSYoungGen      total 22016K, used 21558K [0x00000000eab00000, 0x00000000ec400000, 0x0000000100000000)
  eden space 18432K, 100% used [0x00000000eab00000,0x00000000ebd00000,0x00000000ebd00000)
  from space 3584K, 87% used [0x00000000ebe80000,0x00000000ec18dab8,0x00000000ec200000)
  to   space 2048K, 0% used [0x00000000ec200000,0x00000000ec200000,0x00000000ec400000)
 ParOldGen       total 68608K, used 46385K [0x00000000c0000000, 0x00000000c4300000, 0x00000000eab00000)
  object space 68608K, 67% used [0x00000000c0000000,0x00000000c2d4c500,0x00000000c4300000)
 Metaspace       used 58680K, committed 59776K, reserved 1114112K
  class space    used 6324K, committed 6784K, reserved 1048576K
}
Event: 310.120 GC heap after
{Heap after GC invocations=34 (full 2):
 PSYoungGen      total 19968K, used 2044K [0x00000000eab00000, 0x00000000ec800000, 0x0000000100000000)
  eden space 17920K, 0% used [0x00000000eab00000,0x00000000eab00000,0x00000000ebc80000)
  from space 2048K, 99% used [0x00000000ec200000,0x00000000ec3ff098,0x00000000ec400000)
  to   space 5632K, 0% used [0x00000000ebc80000,0x00000000ebc80000,0x00000000ec200000)
 ParOldGen       total 68608K, used 49401K [0x00000000c0000000, 0x00000000c4300000, 0x00000000eab00000)
  object space 68608K, 72% used [0x00000000c0000000,0x00000000c303e500,0x00000000c4300000)
 Metaspace       used 58680K, committed 59776K, reserved 1114112K
  class space    used 6324K, committed 6784K, reserved 1048576K
}
Event: 310.471 GC heap before
{Heap before GC invocations=35 (full 2):
 PSYoungGen      total 19968K, used 19964K [0x00000000eab00000, 0x00000000ec800000, 0x0000000100000000)
  eden space 17920K, 100% used [0x00000000eab00000,0x00000000ebc80000,0x00000000ebc80000)
  from space 2048K, 99% used [0x00000000ec200000,0x00000000ec3ff098,0x00000000ec400000)
  to   space 5632K, 0% used [0x00000000ebc80000,0x00000000ebc80000,0x00000000ec200000)
 ParOldGen       total 68608K, used 49401K [0x00000000c0000000, 0x00000000c4300000, 0x00000000eab00000)
  object space 68608K, 72% used [0x00000000c0000000,0x00000000c303e500,0x00000000c4300000)
 Metaspace       used 58714K, committed 59776K, reserved 1114112K
  class space    used 6330K, committed 6784K, reserved 1048576K
}
Event: 310.478 GC heap after
{Heap after GC invocations=35 (full 2):
 PSYoungGen      total 20992K, used 2637K [0x00000000eab00000, 0x00000000ec380000, 0x0000000100000000)
  eden space 17920K, 0% used [0x00000000eab00000,0x00000000eab00000,0x00000000ebc80000)
  from space 3072K, 85% used [0x00000000ebc80000,0x00000000ebf13510,0x00000000ebf80000)
  to   space 3584K, 0% used [0x00000000ec000000,0x00000000ec000000,0x00000000ec380000)
 ParOldGen       total 68608K, used 50672K [0x00000000c0000000, 0x00000000c4300000, 0x00000000eab00000)
  object space 68608K, 73% used [0x00000000c0000000,0x00000000c317c088,0x00000000c4300000)
 Metaspace       used 58714K, committed 59776K, reserved 1114112K
  class space    used 6330K, committed 6784K, reserved 1048576K
}
Event: 313.153 GC heap before
{Heap before GC invocations=36 (full 2):
 PSYoungGen      total 20992K, used 20557K [0x00000000eab00000, 0x00000000ec380000, 0x0000000100000000)
  eden space 17920K, 100% used [0x00000000eab00000,0x00000000ebc80000,0x00000000ebc80000)
  from space 3072K, 85% used [0x00000000ebc80000,0x00000000ebf13510,0x00000000ebf80000)
  to   space 3584K, 0% used [0x00000000ec000000,0x00000000ec000000,0x00000000ec380000)
 ParOldGen       total 68608K, used 50672K [0x00000000c0000000, 0x00000000c4300000, 0x00000000eab00000)
  object space 68608K, 73% used [0x00000000c0000000,0x00000000c317c088,0x00000000c4300000)
 Metaspace       used 58726K, committed 59776K, reserved 1114112K
  class space    used 6333K, committed 6784K, reserved 1048576K
}
Event: 313.164 GC heap after
{Heap after GC invocations=36 (full 2):
 PSYoungGen      total 19968K, used 1824K [0x00000000eab00000, 0x00000000ec200000, 0x0000000100000000)
  eden space 17920K, 0% used [0x00000000eab00000,0x00000000eab00000,0x00000000ebc80000)
  from space 2048K, 89% used [0x00000000ec000000,0x00000000ec1c8000,0x00000000ec200000)
  to   space 2560K, 0% used [0x00000000ebd00000,0x00000000ebd00000,0x00000000ebf80000)
 ParOldGen       total 68608K, used 53253K [0x00000000c0000000, 0x00000000c4300000, 0x00000000eab00000)
  object space 68608K, 77% used [0x00000000c0000000,0x00000000c3401598,0x00000000c4300000)
 Metaspace       used 58726K, committed 59776K, reserved 1114112K
  class space    used 6333K, committed 6784K, reserved 1048576K
}
Event: 314.807 GC heap before
{Heap before GC invocations=37 (full 2):
 PSYoungGen      total 19968K, used 19744K [0x00000000eab00000, 0x00000000ec200000, 0x0000000100000000)
  eden space 17920K, 100% used [0x00000000eab00000,0x00000000ebc80000,0x00000000ebc80000)
  from space 2048K, 89% used [0x00000000ec000000,0x00000000ec1c8000,0x00000000ec200000)
  to   space 2560K, 0% used [0x00000000ebd00000,0x00000000ebd00000,0x00000000ebf80000)
 ParOldGen       total 68608K, used 53253K [0x00000000c0000000, 0x00000000c4300000, 0x00000000eab00000)
  object space 68608K, 77% used [0x00000000c0000000,0x00000000c3401598,0x00000000c4300000)
 Metaspace       used 58726K, committed 59776K, reserved 1114112K
  class space    used 6333K, committed 6784K, reserved 1048576K
}
Event: 314.814 GC heap after
{Heap after GC invocations=37 (full 2):
 PSYoungGen      total 19968K, used 2016K [0x00000000eab00000, 0x00000000ec180000, 0x0000000100000000)
  eden space 17920K, 0% used [0x00000000eab00000,0x00000000eab00000,0x00000000ebc80000)
  from space 2048K, 98% used [0x00000000ebd00000,0x00000000ebef8010,0x00000000ebf00000)
  to   space 2560K, 0% used [0x00000000ebf00000,0x00000000ebf00000,0x00000000ec180000)
 ParOldGen       total 68608K, used 55045K [0x00000000c0000000, 0x00000000c4300000, 0x00000000eab00000)
  object space 68608K, 80% used [0x00000000c0000000,0x00000000c35c1598,0x00000000c4300000)
 Metaspace       used 58726K, committed 59776K, reserved 1114112K
  class space    used 6333K, committed 6784K, reserved 1048576K
}
Event: 315.276 GC heap before
{Heap before GC invocations=38 (full 2):
 PSYoungGen      total 19968K, used 8339K [0x00000000eab00000, 0x00000000ec180000, 0x0000000100000000)
  eden space 17920K, 35% used [0x00000000eab00000,0x00000000eb12cf20,0x00000000ebc80000)
  from space 2048K, 98% used [0x00000000ebd00000,0x00000000ebef8010,0x00000000ebf00000)
  to   space 2560K, 0% used [0x00000000ebf00000,0x00000000ebf00000,0x00000000ec180000)
 ParOldGen       total 68608K, used 55045K [0x00000000c0000000, 0x00000000c4300000, 0x00000000eab00000)
  object space 68608K, 80% used [0x00000000c0000000,0x00000000c35c1598,0x00000000c4300000)
 Metaspace       used 58736K, committed 59776K, reserved 1114112K
  class space    used 6334K, committed 6784K, reserved 1048576K
}
Event: 315.283 GC heap after
{Heap after GC invocations=38 (full 2):
 PSYoungGen      total 18432K, used 448K [0x00000000eab00000, 0x00000000ebf80000, 0x0000000100000000)
  eden space 17920K, 0% used [0x00000000eab00000,0x00000000eab00000,0x00000000ebc80000)
  from space 512K, 87% used [0x00000000ebf00000,0x00000000ebf70000,0x00000000ebf80000)
  to   space 1536K, 0% used [0x00000000ebc80000,0x00000000ebc80000,0x00000000ebe00000)
 ParOldGen       total 68608K, used 56981K [0x00000000c0000000, 0x00000000c4300000, 0x00000000eab00000)
  object space 68608K, 83% used [0x00000000c0000000,0x00000000c37a55a8,0x00000000c4300000)
 Metaspace       used 58736K, committed 59776K, reserved 1114112K
  class space    used 6334K, committed 6784K, reserved 1048576K
}
Event: 315.284 GC heap before
{Heap before GC invocations=39 (full 3):
 PSYoungGen      total 18432K, used 448K [0x00000000eab00000, 0x00000000ebf80000, 0x0000000100000000)
  eden space 17920K, 0% used [0x00000000eab00000,0x00000000eab00000,0x00000000ebc80000)
  from space 512K, 87% used [0x00000000ebf00000,0x00000000ebf70000,0x00000000ebf80000)
  to   space 1536K, 0% used [0x00000000ebc80000,0x00000000ebc80000,0x00000000ebe00000)
 ParOldGen       total 68608K, used 56981K [0x00000000c0000000, 0x00000000c4300000, 0x00000000eab00000)
  object space 68608K, 83% used [0x00000000c0000000,0x00000000c37a55a8,0x00000000c4300000)
 Metaspace       used 58736K, committed 59776K, reserved 1114112K
  class space    used 6334K, committed 6784K, reserved 1048576K
}
Event: 315.901 GC heap after
{Heap after GC invocations=39 (full 3):
 PSYoungGen      total 18432K, used 0K [0x00000000eab00000, 0x00000000ebf80000, 0x0000000100000000)
  eden space 17920K, 0% used [0x00000000eab00000,0x00000000eab00000,0x00000000ebc80000)
  from space 512K, 0% used [0x00000000ebf00000,0x00000000ebf00000,0x00000000ebf80000)
  to   space 1536K, 0% used [0x00000000ebc80000,0x00000000ebc80000,0x00000000ebe00000)
 ParOldGen       total 68608K, used 48711K [0x00000000c0000000, 0x00000000c4300000, 0x00000000eab00000)
  object space 68608K, 70% used [0x00000000c0000000,0x00000000c2f91ea0,0x00000000c4300000)
 Metaspace       used 58736K, committed 59776K, reserved 1114112K
  class space    used 6334K, committed 6784K, reserved 1048576K
}
Event: 325.989 GC heap before
{Heap before GC invocations=40 (full 3):
 PSYoungGen      total 18432K, used 17920K [0x00000000eab00000, 0x00000000ebf80000, 0x0000000100000000)
  eden space 17920K, 100% used [0x00000000eab00000,0x00000000ebc80000,0x00000000ebc80000)
  from space 512K, 0% used [0x00000000ebf00000,0x00000000ebf00000,0x00000000ebf80000)
  to   space 1536K, 0% used [0x00000000ebc80000,0x00000000ebc80000,0x00000000ebe00000)
 ParOldGen       total 68608K, used 48711K [0x00000000c0000000, 0x00000000c4300000, 0x00000000eab00000)
  object space 68608K, 70% used [0x00000000c0000000,0x00000000c2f91ea0,0x00000000c4300000)
 Metaspace       used 59372K, committed 60480K, reserved 1114112K
  class space    used 6406K, committed 6848K, reserved 1048576K
}
Event: 326.099 GC heap after
{Heap after GC invocations=40 (full 3):
 PSYoungGen      total 19456K, used 1524K [0x00000000eab00000, 0x00000000ec080000, 0x0000000100000000)
  eden space 17920K, 0% used [0x00000000eab00000,0x00000000eab00000,0x00000000ebc80000)
  from space 1536K, 99% used [0x00000000ebc80000,0x00000000ebdfd370,0x00000000ebe00000)
  to   space 2048K, 0% used [0x00000000ebe80000,0x00000000ebe80000,0x00000000ec080000)
 ParOldGen       total 68608K, used 48735K [0x00000000c0000000, 0x00000000c4300000, 0x00000000eab00000)
  object space 68608K, 71% used [0x00000000c0000000,0x00000000c2f97ea0,0x00000000c4300000)
 Metaspace       used 59372K, committed 60480K, reserved 1114112K
  class space    used 6406K, committed 6848K, reserved 1048576K
}
Event: 335.429 GC heap before
{Heap before GC invocations=41 (full 3):
 PSYoungGen      total 19456K, used 19444K [0x00000000eab00000, 0x00000000ec080000, 0x0000000100000000)
  eden space 17920K, 100% used [0x00000000eab00000,0x00000000ebc80000,0x00000000ebc80000)
  from space 1536K, 99% used [0x00000000ebc80000,0x00000000ebdfd370,0x00000000ebe00000)
  to   space 2048K, 0% used [0x00000000ebe80000,0x00000000ebe80000,0x00000000ec080000)
 ParOldGen       total 68608K, used 48735K [0x00000000c0000000, 0x00000000c4300000, 0x00000000eab00000)
  object space 68608K, 71% used [0x00000000c0000000,0x00000000c2f97ea0,0x00000000c4300000)
 Metaspace       used 59614K, committed 60672K, reserved 1114112K
  class space    used 6422K, committed 6848K, reserved 1048576K
}
Event: 335.505 GC heap after
{Heap after GC invocations=41 (full 3):
 PSYoungGen      total 16896K, used 2022K [0x00000000eab00000, 0x00000000ec680000, 0x0000000100000000)
  eden space 14848K, 0% used [0x00000000eab00000,0x00000000eab00000,0x00000000eb980000)
  from space 2048K, 98% used [0x00000000ebe80000,0x00000000ec079a28,0x00000000ec080000)
  to   space 5120K, 0% used [0x00000000eb980000,0x00000000eb980000,0x00000000ebe80000)
 ParOldGen       total 68608K, used 51105K [0x00000000c0000000, 0x00000000c4300000, 0x00000000eab00000)
  object space 68608K, 74% used [0x00000000c0000000,0x00000000c31e8770,0x00000000c4300000)
 Metaspace       used 59614K, committed 60672K, reserved 1114112K
  class space    used 6422K, committed 6848K, reserved 1048576K
}

