# JRE version: OpenJDK Runtime Environment Temurin-17.0.10+7 (17.0.10+7) (build 17.0.10+7)
# Java VM: OpenJDK 64-Bit Server VM Temurin-17.0.10+7 (17.0.10+7, mixed mode, tiered, compressed oops, compressed class ptrs, parallel gc, windows-amd64)
GC Precious Log:
 CPUs: 4 total, 4 available
 Memory: 1949M
 Large Page Support: Disabled
 NUMA Support: Disabled
 Compressed Oops: Enabled (32-bit)
 Alignments: Space 512K, Generation 512K, Heap 2M
 Heap Min Capacity: 100M
 Heap Initial Capacity: 100M
 Heap Max Capacity: 1G
 Pre-touch: Disabled
 Parallel Workers: 4
Heap:
 PSYoungGen      total 21504K, used 20068K [0x00000000eab00000, 0x00000000ec200000, 0x0000000100000000)
  eden space 19456K, 93% used [0x00000000eab00000,0x00000000ebcd1930,0x00000000ebe00000)
  from space 2048K, 88% used [0x00000000ebe80000,0x00000000ec047880,0x00000000ec080000)
  to   space 1536K, 0% used [0x00000000ec080000,0x00000000ec080000,0x00000000ec200000)
 ParOldGen       total 68608K, used 42979K [0x00000000c0000000, 0x00000000c4300000, 0x00000000eab00000)
  object space 68608K, 62% used [0x00000000c0000000,0x00000000c29f8d98,0x00000000c4300000)
 Metaspace       used 54943K, committed 56064K, reserved 1114112K
  class space    used 5852K, committed 6336K, reserved 1048576K
GC Heap History (20 events):
Event: 25.932 GC heap before
{Heap before GC invocations=22 (full 2):
 PSYoungGen      total 24064K, used 23808K [0x00000000eab00000, 0x00000000ec580000, 0x0000000100000000)
  eden space 22016K, 100% used [0x00000000eab00000,0x00000000ec080000,0x00000000ec080000)
  from space 2048K, 87% used [0x00000000ec080000,0x00000000ec240040,0x00000000ec280000)
  to   space 2560K, 0% used [0x00000000ec300000,0x00000000ec300000,0x00000000ec580000)
 ParOldGen       total 68608K, used 22479K [0x00000000c0000000, 0x00000000c4300000, 0x00000000eab00000)
  object space 68608K, 32% used [0x00000000c0000000,0x00000000c15f3ff0,0x00000000c4300000)
 Metaspace       used 52578K, committed 53568K, reserved 1114112K
  class space    used 5644K, committed 6080K, reserved 1048576K
}
Event: 25.940 GC heap after
{Heap after GC invocations=22 (full 2):
 PSYoungGen      total 24064K, used 1824K [0x00000000eab00000, 0x00000000ec500000, 0x0000000100000000)
  eden space 22016K, 0% used [0x00000000eab00000,0x00000000eab00000,0x00000000ec080000)
  from space 2048K, 89% used [0x00000000ec300000,0x00000000ec4c8010,0x00000000ec500000)
  to   space 2048K, 0% used [0x00000000ec080000,0x00000000ec080000,0x00000000ec280000)
 ParOldGen       total 68608K, used 24164K [0x00000000c0000000, 0x00000000c4300000, 0x00000000eab00000)
  object space 68608K, 35% used [0x00000000c0000000,0x00000000c1799338,0x00000000c4300000)
 Metaspace       used 52578K, committed 53568K, reserved 1114112K
  class space    used 5644K, committed 6080K, reserved 1048576K
}
Event: 26.183 GC heap before
{Heap before GC invocations=23 (full 2):
 PSYoungGen      total 24064K, used 23840K [0x00000000eab00000, 0x00000000ec500000, 0x0000000100000000)
  eden space 22016K, 100% used [0x00000000eab00000,0x00000000ec080000,0x00000000ec080000)
  from space 2048K, 89% used [0x00000000ec300000,0x00000000ec4c8010,0x00000000ec500000)
  to   space 2048K, 0% used [0x00000000ec080000,0x00000000ec080000,0x00000000ec280000)
 ParOldGen       total 68608K, used 24164K [0x00000000c0000000, 0x00000000c4300000, 0x00000000eab00000)
  object space 68608K, 35% used [0x00000000c0000000,0x00000000c1799338,0x00000000c4300000)
 Metaspace       used 52611K, committed 53632K, reserved 1114112K
  class space    used 5644K, committed 6080K, reserved 1048576K
}
Event: 26.189 GC heap after
{Heap after GC invocations=23 (full 2):
 PSYoungGen      total 24064K, used 1920K [0x00000000eab00000, 0x00000000ec480000, 0x0000000100000000)
  eden space 22016K, 0% used [0x00000000eab00000,0x00000000eab00000,0x00000000ec080000)
  from space 2048K, 93% used [0x00000000ec080000,0x00000000ec260010,0x00000000ec280000)
  to   space 2048K, 0% used [0x00000000ec280000,0x00000000ec280000,0x00000000ec480000)
 ParOldGen       total 68608K, used 25900K [0x00000000c0000000, 0x00000000c4300000, 0x00000000eab00000)
  object space 68608K, 37% used [0x00000000c0000000,0x00000000c194b338,0x00000000c4300000)
 Metaspace       used 52611K, committed 53632K, reserved 1114112K
  class space    used 5644K, committed 6080K, reserved 1048576K
}
Event: 26.629 GC heap before
{Heap before GC invocations=24 (full 2):
 PSYoungGen      total 24064K, used 23936K [0x00000000eab00000, 0x00000000ec480000, 0x0000000100000000)
  eden space 22016K, 100% used [0x00000000eab00000,0x00000000ec080000,0x00000000ec080000)
  from space 2048K, 93% used [0x00000000ec080000,0x00000000ec260010,0x00000000ec280000)
  to   space 2048K, 0% used [0x00000000ec280000,0x00000000ec280000,0x00000000ec480000)
 ParOldGen       total 68608K, used 25900K [0x00000000c0000000, 0x00000000c4300000, 0x00000000eab00000)
  object space 68608K, 37% used [0x00000000c0000000,0x00000000c194b338,0x00000000c4300000)
 Metaspace       used 52842K, committed 53824K, reserved 1114112K
  class space    used 5676K, committed 6080K, reserved 1048576K
}
Event: 26.637 GC heap after
{Heap after GC invocations=24 (full 2):
 PSYoungGen      total 24064K, used 1760K [0x00000000eab00000, 0x00000000ec480000, 0x0000000100000000)
  eden space 22016K, 0% used [0x00000000eab00000,0x00000000eab00000,0x00000000ec080000)
  from space 2048K, 85% used [0x00000000ec280000,0x00000000ec438000,0x00000000ec480000)
  to   space 2048K, 0% used [0x00000000ec080000,0x00000000ec080000,0x00000000ec280000)
 ParOldGen       total 68608K, used 27769K [0x00000000c0000000, 0x00000000c4300000, 0x00000000eab00000)
  object space 68608K, 40% used [0x00000000c0000000,0x00000000c1b1e6a0,0x00000000c4300000)
 Metaspace       used 52842K, committed 53824K, reserved 1114112K
  class space    used 5676K, committed 6080K, reserved 1048576K
}
Event: 26.757 GC heap before
{Heap before GC invocations=25 (full 2):
 PSYoungGen      total 24064K, used 23670K [0x00000000eab00000, 0x00000000ec480000, 0x0000000100000000)
  eden space 22016K, 99% used [0x00000000eab00000,0x00000000ec065910,0x00000000ec080000)
  from space 2048K, 85% used [0x00000000ec280000,0x00000000ec438000,0x00000000ec480000)
  to   space 2048K, 0% used [0x00000000ec080000,0x00000000ec080000,0x00000000ec280000)
 ParOldGen       total 68608K, used 27769K [0x00000000c0000000, 0x00000000c4300000, 0x00000000eab00000)
  object space 68608K, 40% used [0x00000000c0000000,0x00000000c1b1e6a0,0x00000000c4300000)
 Metaspace       used 52849K, committed 53824K, reserved 1114112K
  class space    used 5676K, committed 6080K, reserved 1048576K
}
Event: 26.763 GC heap after
{Heap after GC invocations=25 (full 2):
 PSYoungGen      total 24064K, used 2028K [0x00000000eab00000, 0x00000000ecb80000, 0x0000000100000000)
  eden space 22016K, 0% used [0x00000000eab00000,0x00000000eab00000,0x00000000ec080000)
  from space 2048K, 99% used [0x00000000ec080000,0x00000000ec27b3b8,0x00000000ec280000)
  to   space 5632K, 0% used [0x00000000ec600000,0x00000000ec600000,0x00000000ecb80000)
 ParOldGen       total 68608K, used 30388K [0x00000000c0000000, 0x00000000c4300000, 0x00000000eab00000)
  object space 68608K, 44% used [0x00000000c0000000,0x00000000c1dad180,0x00000000c4300000)
 Metaspace       used 52849K, committed 53824K, reserved 1114112K
  class space    used 5676K, committed 6080K, reserved 1048576K
}
Event: 26.879 GC heap before
{Heap before GC invocations=26 (full 2):
 PSYoungGen      total 24064K, used 24044K [0x00000000eab00000, 0x00000000ecb80000, 0x0000000100000000)
  eden space 22016K, 100% used [0x00000000eab00000,0x00000000ec080000,0x00000000ec080000)
  from space 2048K, 99% used [0x00000000ec080000,0x00000000ec27b3b8,0x00000000ec280000)
  to   space 5632K, 0% used [0x00000000ec600000,0x00000000ec600000,0x00000000ecb80000)
 ParOldGen       total 68608K, used 30388K [0x00000000c0000000, 0x00000000c4300000, 0x00000000eab00000)
  object space 68608K, 44% used [0x00000000c0000000,0x00000000c1dad180,0x00000000c4300000)
 Metaspace       used 52851K, committed 53824K, reserved 1114112K
  class space    used 5676K, committed 6080K, reserved 1048576K
}
Event: 26.886 GC heap after
{Heap after GC invocations=26 (full 2):
 PSYoungGen      total 24064K, used 1999K [0x00000000eab00000, 0x00000000ec800000, 0x0000000100000000)
  eden space 22016K, 0% used [0x00000000eab00000,0x00000000eab00000,0x00000000ec080000)
  from space 2048K, 97% used [0x00000000ec600000,0x00000000ec7f3ce0,0x00000000ec800000)
  to   space 3072K, 0% used [0x00000000ec200000,0x00000000ec200000,0x00000000ec500000)
 ParOldGen       total 68608K, used 31748K [0x00000000c0000000, 0x00000000c4300000, 0x00000000eab00000)
  object space 68608K, 46% used [0x00000000c0000000,0x00000000c1f01180,0x00000000c4300000)
 Metaspace       used 52851K, committed 53824K, reserved 1114112K
  class space    used 5676K, committed 6080K, reserved 1048576K
}
Event: 27.046 GC heap before
{Heap before GC invocations=27 (full 2):
 PSYoungGen      total 24064K, used 24015K [0x00000000eab00000, 0x00000000ec800000, 0x0000000100000000)
  eden space 22016K, 100% used [0x00000000eab00000,0x00000000ec080000,0x00000000ec080000)
  from space 2048K, 97% used [0x00000000ec600000,0x00000000ec7f3ce0,0x00000000ec800000)
  to   space 3072K, 0% used [0x00000000ec200000,0x00000000ec200000,0x00000000ec500000)
 ParOldGen       total 68608K, used 31748K [0x00000000c0000000, 0x00000000c4300000, 0x00000000eab00000)
  object space 68608K, 46% used [0x00000000c0000000,0x00000000c1f01180,0x00000000c4300000)
 Metaspace       used 53071K, committed 54080K, reserved 1114112K
  class space    used 5690K, committed 6144K, reserved 1048576K
}
Event: 27.055 GC heap after
{Heap after GC invocations=27 (full 2):
 PSYoungGen      total 24064K, used 1696K [0x00000000eab00000, 0x00000000ec680000, 0x0000000100000000)
  eden space 22016K, 0% used [0x00000000eab00000,0x00000000eab00000,0x00000000ec080000)
  from space 2048K, 82% used [0x00000000ec200000,0x00000000ec3a8000,0x00000000ec400000)
  to   space 2048K, 0% used [0x00000000ec480000,0x00000000ec480000,0x00000000ec680000)
 ParOldGen       total 68608K, used 33628K [0x00000000c0000000, 0x00000000c4300000, 0x00000000eab00000)
  object space 68608K, 49% used [0x00000000c0000000,0x00000000c20d7190,0x00000000c4300000)
 Metaspace       used 53071K, committed 54080K, reserved 1114112K
  class space    used 5690K, committed 6144K, reserved 1048576K
}
Event: 27.468 GC heap before
{Heap before GC invocations=28 (full 2):
 PSYoungGen      total 24064K, used 23712K [0x00000000eab00000, 0x00000000ec680000, 0x0000000100000000)
  eden space 22016K, 100% used [0x00000000eab00000,0x00000000ec080000,0x00000000ec080000)
  from space 2048K, 82% used [0x00000000ec200000,0x00000000ec3a8000,0x00000000ec400000)
  to   space 2048K, 0% used [0x00000000ec480000,0x00000000ec480000,0x00000000ec680000)
 ParOldGen       total 68608K, used 33628K [0x00000000c0000000, 0x00000000c4300000, 0x00000000eab00000)
  object space 68608K, 49% used [0x00000000c0000000,0x00000000c20d7190,0x00000000c4300000)
 Metaspace       used 53622K, committed 54656K, reserved 1114112K
  class space    used 5724K, committed 6144K, reserved 1048576K
}
Event: 27.481 GC heap after
{Heap after GC invocations=28 (full 2):
 PSYoungGen      total 21504K, used 2016K [0x00000000eab00000, 0x00000000ecd80000, 0x0000000100000000)
  eden space 19456K, 0% used [0x00000000eab00000,0x00000000eab00000,0x00000000ebe00000)
  from space 2048K, 98% used [0x00000000ec480000,0x00000000ec678020,0x00000000ec680000)
  to   space 6656K, 0% used [0x00000000ebe00000,0x00000000ebe00000,0x00000000ec480000)
 ParOldGen       total 68608K, used 37530K [0x00000000c0000000, 0x00000000c4300000, 0x00000000eab00000)
  object space 68608K, 54% used [0x00000000c0000000,0x00000000c24a6b50,0x00000000c4300000)
 Metaspace       used 53622K, committed 54656K, reserved 1114112K
  class space    used 5724K, committed 6144K, reserved 1048576K
}
Event: 27.850 GC heap before
{Heap before GC invocations=29 (full 2):
 PSYoungGen      total 21504K, used 21472K [0x00000000eab00000, 0x00000000ecd80000, 0x0000000100000000)
  eden space 19456K, 100% used [0x00000000eab00000,0x00000000ebe00000,0x00000000ebe00000)
  from space 2048K, 98% used [0x00000000ec480000,0x00000000ec678020,0x00000000ec680000)
  to   space 6656K, 0% used [0x00000000ebe00000,0x00000000ebe00000,0x00000000ec480000)
 ParOldGen       total 68608K, used 37530K [0x00000000c0000000, 0x00000000c4300000, 0x00000000eab00000)
  object space 68608K, 54% used [0x00000000c0000000,0x00000000c24a6b50,0x00000000c4300000)
 Metaspace       used 53873K, committed 54848K, reserved 1114112K
  class space    used 5758K, committed 6144K, reserved 1048576K
}
Event: 27.859 GC heap after
{Heap after GC invocations=29 (full 2):
 PSYoungGen      total 21504K, used 1856K [0x00000000eab00000, 0x00000000ec500000, 0x0000000100000000)
  eden space 19456K, 0% used [0x00000000eab00000,0x00000000eab00000,0x00000000ebe00000)
  from space 2048K, 90% used [0x00000000ebe00000,0x00000000ebfd0010,0x00000000ec000000)
  to   space 3584K, 0% used [0x00000000ec180000,0x00000000ec180000,0x00000000ec500000)
 ParOldGen       total 68608K, used 39538K [0x00000000c0000000, 0x00000000c4300000, 0x00000000eab00000)
  object space 68608K, 57% used [0x00000000c0000000,0x00000000c269cb60,0x00000000c4300000)
 Metaspace       used 53873K, committed 54848K, reserved 1114112K
  class space    used 5758K, committed 6144K, reserved 1048576K
}
Event: 28.165 GC heap before
{Heap before GC invocations=30 (full 2):
 PSYoungGen      total 21504K, used 20797K [0x00000000eab00000, 0x00000000ec500000, 0x0000000100000000)
  eden space 19456K, 97% used [0x00000000eab00000,0x00000000ebd7f740,0x00000000ebe00000)
  from space 2048K, 90% used [0x00000000ebe00000,0x00000000ebfd0010,0x00000000ec000000)
  to   space 3584K, 0% used [0x00000000ec180000,0x00000000ec180000,0x00000000ec500000)
 ParOldGen       total 68608K, used 39538K [0x00000000c0000000, 0x00000000c4300000, 0x00000000eab00000)
  object space 68608K, 57% used [0x00000000c0000000,0x00000000c269cb60,0x00000000c4300000)
 Metaspace       used 53948K, committed 54912K, reserved 1114112K
  class space    used 5761K, committed 6144K, reserved 1048576K
}
Event: 28.177 GC heap after
{Heap after GC invocations=30 (full 2):
 PSYoungGen      total 21504K, used 1824K [0x00000000eab00000, 0x00000000ec380000, 0x0000000100000000)
  eden space 19456K, 0% used [0x00000000eab00000,0x00000000eab00000,0x00000000ebe00000)
  from space 2048K, 89% used [0x00000000ec180000,0x00000000ec348010,0x00000000ec380000)
  to   space 2560K, 0% used [0x00000000ebe80000,0x00000000ebe80000,0x00000000ec100000)
 ParOldGen       total 68608K, used 41282K [0x00000000c0000000, 0x00000000c4300000, 0x00000000eab00000)
  object space 68608K, 60% used [0x00000000c0000000,0x00000000c2850b90,0x00000000c4300000)
 Metaspace       used 53948K, committed 54912K, reserved 1114112K
  class space    used 5761K, committed 6144K, reserved 1048576K
}
Event: 29.380 GC heap before
{Heap before GC invocations=31 (full 2):
 PSYoungGen      total 21504K, used 21280K [0x00000000eab00000, 0x00000000ec380000, 0x0000000100000000)
  eden space 19456K, 100% used [0x00000000eab00000,0x00000000ebe00000,0x00000000ebe00000)
  from space 2048K, 89% used [0x00000000ec180000,0x00000000ec348010,0x00000000ec380000)
  to   space 2560K, 0% used [0x00000000ebe80000,0x00000000ebe80000,0x00000000ec100000)
 ParOldGen       total 68608K, used 41282K [0x00000000c0000000, 0x00000000c4300000, 0x00000000eab00000)
  object space 68608K, 60% used [0x00000000c0000000,0x00000000c2850b90,0x00000000c4300000)
 Metaspace       used 54290K, committed 55296K, reserved 1114112K
  class space    used 5785K, committed 6208K, reserved 1048576K
}
Event: 29.386 GC heap after
{Heap after GC invocations=31 (full 2):
 PSYoungGen      total 21504K, used 1822K [0x00000000eab00000, 0x00000000ec200000, 0x0000000100000000)
  eden space 19456K, 0% used [0x00000000eab00000,0x00000000eab00000,0x00000000ebe00000)
  from space 2048K, 88% used [0x00000000ebe80000,0x00000000ec047880,0x00000000ec080000)
  to   space 1536K, 0% used [0x00000000ec080000,0x00000000ec080000,0x00000000ec200000)
 ParOldGen       total 68608K, used 42979K [0x00000000c0000000, 0x00000000c4300000, 0x00000000eab00000)
  object space 68608K, 62% used [0x00000000c0000000,0x00000000c29f8d98,0x00000000c4300000)
 Metaspace       used 54290K, committed 55296K, reserved 1114112K
  class space    used 5785K, committed 6208K, reserved 1048576K
}

