# JRE version: Java(TM) SE Runtime Environment (21.0.2+13) (build 21.0.2+13-LTS-58)
# Java VM: Java HotSpot(TM) 64-Bit Server VM (21.0.2+13-LTS-58, mixed mode, sharing, tiered, compressed oops, compressed class ptrs, g1 gc, windows-amd64)
GC Precious Log:
 CardTable entry size: 512
 Card Set container configuration: InlinePtr #cards 5 size 8 Array Of Cards #cards 12 size 40 Howl #buckets 4 coarsen threshold 1843 Howl Bitmap #cards 512 size 80 coarsen threshold 460 Card regions per heap region 1 cards per card region 2048
 CPUs: 4 total, 4 available
 Memory: 1949M
 Large Page Support: Disabled
 NUMA Support: Disabled
 Compressed Oops: Enabled (32-bit)
 Heap Region Size: 1M
 Heap Min Capacity: 8M
 Heap Initial Capacity: 32M
 Heap Max Capacity: 512M
 Pre-touch: Disabled
 Parallel Workers: 4
 Concurrent Workers: 1
 Concurrent Refinement Workers: 4
 Periodic GC: Disabled
Heap:
 garbage-first heap   total 34816K, used 24991K [0x00000000e0000000, 0x0000000100000000)
  region size 1024K, 9 young (9216K), 2 survivors (2048K)
 Metaspace       used 27378K, committed 27840K, reserved 1114112K
  class space    used 3398K, committed 3584K, reserved 1048576K
GC Heap History (20 events):
Event: 4.028 GC heap before
{Heap before GC invocations=0 (full 0):
 garbage-first heap   total 32768K, used 14336K [0x00000000e0000000, 0x0000000100000000)
  region size 1024K, 13 young (13312K), 0 survivors (0K)
 Metaspace       used 3144K, committed 3328K, reserved 1114112K
  class space    used 373K, committed 512K, reserved 1048576K
}
Event: 4.051 GC heap after
{Heap after GC invocations=1 (full 0):
 garbage-first heap   total 32768K, used 6688K [0x00000000e0000000, 0x0000000100000000)
  region size 1024K, 2 young (2048K), 2 survivors (2048K)
 Metaspace       used 3144K, committed 3328K, reserved 1114112K
  class space    used 373K, committed 512K, reserved 1048576K
}
Event: 5.676 GC heap before
{Heap before GC invocations=1 (full 0):
 garbage-first heap   total 32768K, used 15904K [0x00000000e0000000, 0x0000000100000000)
  region size 1024K, 11 young (11264K), 2 survivors (2048K)
 Metaspace       used 6115K, committed 6336K, reserved 1114112K
  class space    used 780K, committed 896K, reserved 1048576K
}
Event: 5.683 GC heap after
{Heap after GC invocations=2 (full 0):
 garbage-first heap   total 32768K, used 8589K [0x00000000e0000000, 0x0000000100000000)
  region size 1024K, 2 young (2048K), 2 survivors (2048K)
 Metaspace       used 6115K, committed 6336K, reserved 1114112K
  class space    used 780K, committed 896K, reserved 1048576K
}
Event: 6.517 GC heap before
{Heap before GC invocations=2 (full 0):
 garbage-first heap   total 32768K, used 16781K [0x00000000e0000000, 0x0000000100000000)
  region size 1024K, 11 young (11264K), 2 survivors (2048K)
 Metaspace       used 8675K, committed 8960K, reserved 1114112K
  class space    used 1081K, committed 1216K, reserved 1048576K
}
Event: 6.523 GC heap after
{Heap after GC invocations=3 (full 0):
 garbage-first heap   total 32768K, used 9434K [0x00000000e0000000, 0x0000000100000000)
  region size 1024K, 1 young (1024K), 1 survivors (1024K)
 Metaspace       used 8675K, committed 8960K, reserved 1114112K
  class space    used 1081K, committed 1216K, reserved 1048576K
}
Event: 7.187 GC heap before
{Heap before GC invocations=3 (full 0):
 garbage-first heap   total 32768K, used 19674K [0x00000000e0000000, 0x0000000100000000)
  region size 1024K, 12 young (12288K), 1 survivors (1024K)
 Metaspace       used 11519K, committed 11840K, reserved 1114112K
  class space    used 1425K, committed 1600K, reserved 1048576K
}
Event: 7.190 GC heap after
{Heap after GC invocations=4 (full 0):
 garbage-first heap   total 32768K, used 9662K [0x00000000e0000000, 0x0000000100000000)
  region size 1024K, 1 young (1024K), 1 survivors (1024K)
 Metaspace       used 11519K, committed 11840K, reserved 1114112K
  class space    used 1425K, committed 1600K, reserved 1048576K
}
Event: 9.167 GC heap before
{Heap before GC invocations=4 (full 0):
 garbage-first heap   total 32768K, used 20926K [0x00000000e0000000, 0x0000000100000000)
  region size 1024K, 13 young (13312K), 1 survivors (1024K)
 Metaspace       used 15014K, committed 15296K, reserved 1114112K
  class space    used 1843K, committed 1984K, reserved 1048576K
}
Event: 9.175 GC heap after
{Heap after GC invocations=5 (full 0):
 garbage-first heap   total 32768K, used 10974K [0x00000000e0000000, 0x0000000100000000)
  region size 1024K, 2 young (2048K), 2 survivors (2048K)
 Metaspace       used 15014K, committed 15296K, reserved 1114112K
  class space    used 1843K, committed 1984K, reserved 1048576K
}
Event: 10.319 GC heap before
{Heap before GC invocations=5 (full 0):
 garbage-first heap   total 32768K, used 23262K [0x00000000e0000000, 0x0000000100000000)
  region size 1024K, 15 young (15360K), 2 survivors (2048K)
 Metaspace       used 18324K, committed 18624K, reserved 1114112K
  class space    used 2187K, committed 2304K, reserved 1048576K
}
Event: 10.333 GC heap after
{Heap after GC invocations=6 (full 0):
 garbage-first heap   total 32768K, used 14086K [0x00000000e0000000, 0x0000000100000000)
  region size 1024K, 2 young (2048K), 2 survivors (2048K)
 Metaspace       used 18324K, committed 18624K, reserved 1114112K
  class space    used 2187K, committed 2304K, reserved 1048576K
}
Event: 10.769 GC heap before
{Heap before GC invocations=6 (full 0):
 garbage-first heap   total 32768K, used 24326K [0x00000000e0000000, 0x0000000100000000)
  region size 1024K, 12 young (12288K), 2 survivors (2048K)
 Metaspace       used 18488K, committed 18752K, reserved 1114112K
  class space    used 2187K, committed 2304K, reserved 1048576K
}
Event: 10.779 GC heap after
{Heap after GC invocations=7 (full 0):
 garbage-first heap   total 32768K, used 16724K [0x00000000e0000000, 0x0000000100000000)
  region size 1024K, 2 young (2048K), 2 survivors (2048K)
 Metaspace       used 18488K, committed 18752K, reserved 1114112K
  class space    used 2187K, committed 2304K, reserved 1048576K
}
Event: 11.441 GC heap before
{Heap before GC invocations=7 (full 0):
 garbage-first heap   total 32768K, used 24916K [0x00000000e0000000, 0x0000000100000000)
  region size 1024K, 10 young (10240K), 2 survivors (2048K)
 Metaspace       used 19530K, committed 19776K, reserved 1114112K
  class space    used 2343K, committed 2432K, reserved 1048576K
}
Event: 11.449 GC heap after
{Heap after GC invocations=8 (full 0):
 garbage-first heap   total 32768K, used 18506K [0x00000000e0000000, 0x0000000100000000)
  region size 1024K, 2 young (2048K), 2 survivors (2048K)
 Metaspace       used 19530K, committed 19776K, reserved 1114112K
  class space    used 2343K, committed 2432K, reserved 1048576K
}
Event: 23.480 GC heap before
{Heap before GC invocations=9 (full 0):
 garbage-first heap   total 34816K, used 25674K [0x00000000e0000000, 0x0000000100000000)
  region size 1024K, 9 young (9216K), 2 survivors (2048K)
 Metaspace       used 23546K, committed 23936K, reserved 1114112K
  class space    used 2909K, committed 3072K, reserved 1048576K
}
Event: 23.510 GC heap after
{Heap after GC invocations=10 (full 0):
 garbage-first heap   total 34816K, used 19456K [0x00000000e0000000, 0x0000000100000000)
  region size 1024K, 1 young (1024K), 1 survivors (1024K)
 Metaspace       used 23546K, committed 23936K, reserved 1114112K
  class space    used 2909K, committed 3072K, reserved 1048576K
}
Event: 49.679 GC heap before
{Heap before GC invocations=10 (full 0):
 garbage-first heap   total 34816K, used 27648K [0x00000000e0000000, 0x0000000100000000)
  region size 1024K, 10 young (10240K), 1 survivors (1024K)
 Metaspace       used 24939K, committed 25408K, reserved 1114112K
  class space    used 3099K, committed 3328K, reserved 1048576K
}
Event: 49.733 GC heap after
{Heap after GC invocations=11 (full 0):
 garbage-first heap   total 34816K, used 19871K [0x00000000e0000000, 0x0000000100000000)
  region size 1024K, 2 young (2048K), 2 survivors (2048K)
 Metaspace       used 24939K, committed 25408K, reserved 1114112K
  class space    used 3099K, committed 3328K, reserved 1048576K
}

