# JRE version: OpenJDK Runtime Environment Temurin-17.0.10+7 (17.0.10+7) (build 17.0.10+7)
# Java VM: OpenJDK 64-Bit Server VM Temurin-17.0.10+7 (17.0.10+7, mixed mode, tiered, compressed oops, compressed class ptrs, g1 gc, windows-amd64)
GC Precious Log:
 CPUs: 4 total, 4 available
 Memory: 1949M
 Large Page Support: Disabled
 NUMA Support: Disabled
 Compressed Oops: Enabled (32-bit)
 Heap Region Size: 1M
 Heap Min Capacity: 8M
 Heap Initial Capacity: 32M
 Heap Max Capacity: 488M
 Pre-touch: Disabled
 Parallel Workers: 4
 Concurrent Workers: 1
 Concurrent Refinement Workers: 4
 Periodic GC: Disabled
Heap:
 garbage-first heap   total 35840K, used 20743K [0x00000000e1800000, 0x0000000100000000)
  region size 1024K, 3 young (3072K), 1 survivors (1024K)
 Metaspace       used 19860K, committed 20096K, reserved 1114112K
  class space    used 2463K, committed 2560K, reserved 1048576K
GC Heap History (20 events):
Event: 5.092 GC heap before
{Heap before GC invocations=2 (full 0):
 garbage-first heap   total 32768K, used 17979K [0x00000000e1800000, 0x0000000100000000)
  region size 1024K, 7 young (7168K), 2 survivors (2048K)
 Metaspace       used 15395K, committed 15616K, reserved 1114112K
  class space    used 1750K, committed 1856K, reserved 1048576K
}
Event: 5.095 GC heap after
{Heap after GC invocations=3 (full 0):
 garbage-first heap   total 32768K, used 13795K [0x00000000e1800000, 0x0000000100000000)
  region size 1024K, 1 young (1024K), 1 survivors (1024K)
 Metaspace       used 15395K, committed 15616K, reserved 1114112K
  class space    used 1750K, committed 1856K, reserved 1048576K
}
Event: 5.770 GC heap before
{Heap before GC invocations=3 (full 0):
 garbage-first heap   total 32768K, used 19939K [0x00000000e1800000, 0x0000000100000000)
  region size 1024K, 8 young (8192K), 1 survivors (1024K)
 Metaspace       used 15931K, committed 16128K, reserved 1114112K
  class space    used 1843K, committed 1984K, reserved 1048576K
}
Event: 5.772 GC heap after
{Heap after GC invocations=4 (full 0):
 garbage-first heap   total 32768K, used 14089K [0x00000000e1800000, 0x0000000100000000)
  region size 1024K, 1 young (1024K), 1 survivors (1024K)
 Metaspace       used 15931K, committed 16128K, reserved 1114112K
  class space    used 1843K, committed 1984K, reserved 1048576K
}
Event: 6.712 GC heap before
{Heap before GC invocations=4 (full 0):
 garbage-first heap   total 32768K, used 22281K [0x00000000e1800000, 0x0000000100000000)
  region size 1024K, 9 young (9216K), 1 survivors (1024K)
 Metaspace       used 16475K, committed 16768K, reserved 1114112K
  class space    used 1906K, committed 2048K, reserved 1048576K
}
Event: 6.714 GC heap after
{Heap after GC invocations=5 (full 0):
 garbage-first heap   total 32768K, used 14328K [0x00000000e1800000, 0x0000000100000000)
  region size 1024K, 1 young (1024K), 1 survivors (1024K)
 Metaspace       used 16475K, committed 16768K, reserved 1114112K
  class space    used 1906K, committed 2048K, reserved 1048576K
}
Event: 7.563 GC heap before
{Heap before GC invocations=5 (full 0):
 garbage-first heap   total 32768K, used 21496K [0x00000000e1800000, 0x0000000100000000)
  region size 1024K, 9 young (9216K), 1 survivors (1024K)
 Metaspace       used 16506K, committed 16768K, reserved 1114112K
  class space    used 1907K, committed 2048K, reserved 1048576K
}
Event: 7.566 GC heap after
{Heap after GC invocations=6 (full 0):
 garbage-first heap   total 32768K, used 14455K [0x00000000e1800000, 0x0000000100000000)
  region size 1024K, 2 young (2048K), 2 survivors (2048K)
 Metaspace       used 16506K, committed 16768K, reserved 1114112K
  class space    used 1907K, committed 2048K, reserved 1048576K
}
Event: 8.183 GC heap before
{Heap before GC invocations=6 (full 0):
 garbage-first heap   total 32768K, used 22647K [0x00000000e1800000, 0x0000000100000000)
  region size 1024K, 10 young (10240K), 2 survivors (2048K)
 Metaspace       used 16531K, committed 16768K, reserved 1114112K
  class space    used 1908K, committed 2048K, reserved 1048576K
}
Event: 8.189 GC heap after
{Heap after GC invocations=7 (full 0):
 garbage-first heap   total 32768K, used 14621K [0x00000000e1800000, 0x0000000100000000)
  region size 1024K, 1 young (1024K), 1 survivors (1024K)
 Metaspace       used 16531K, committed 16768K, reserved 1114112K
  class space    used 1908K, committed 2048K, reserved 1048576K
}
Event: 8.536 GC heap before
{Heap before GC invocations=7 (full 0):
 garbage-first heap   total 32768K, used 18717K [0x00000000e1800000, 0x0000000100000000)
  region size 1024K, 7 young (7168K), 1 survivors (1024K)
 Metaspace       used 16557K, committed 16832K, reserved 1114112K
  class space    used 1908K, committed 2048K, reserved 1048576K
}
Event: 8.541 GC heap after
{Heap after GC invocations=8 (full 0):
 garbage-first heap   total 32768K, used 16341K [0x00000000e1800000, 0x0000000100000000)
  region size 1024K, 2 young (2048K), 2 survivors (2048K)
 Metaspace       used 16557K, committed 16832K, reserved 1114112K
  class space    used 1908K, committed 2048K, reserved 1048576K
}
Event: 9.056 GC heap before
{Heap before GC invocations=8 (full 0):
 garbage-first heap   total 32768K, used 24533K [0x00000000e1800000, 0x0000000100000000)
  region size 1024K, 10 young (10240K), 2 survivors (2048K)
 Metaspace       used 16600K, committed 16832K, reserved 1114112K
  class space    used 1909K, committed 2048K, reserved 1048576K
}
Event: 9.060 GC heap after
{Heap after GC invocations=9 (full 0):
 garbage-first heap   total 32768K, used 18700K [0x00000000e1800000, 0x0000000100000000)
  region size 1024K, 2 young (2048K), 2 survivors (2048K)
 Metaspace       used 16600K, committed 16832K, reserved 1114112K
  class space    used 1909K, committed 2048K, reserved 1048576K
}
Event: 9.442 GC heap before
{Heap before GC invocations=9 (full 0):
 garbage-first heap   total 32768K, used 21772K [0x00000000e1800000, 0x0000000100000000)
  region size 1024K, 6 young (6144K), 2 survivors (2048K)
 Metaspace       used 16896K, committed 17152K, reserved 1114112K
  class space    used 1972K, committed 2112K, reserved 1048576K
}
Event: 9.446 GC heap after
{Heap after GC invocations=10 (full 0):
 garbage-first heap   total 32768K, used 19028K [0x00000000e1800000, 0x0000000100000000)
  region size 1024K, 1 young (1024K), 1 survivors (1024K)
 Metaspace       used 16896K, committed 17152K, reserved 1114112K
  class space    used 1972K, committed 2112K, reserved 1048576K
}
Event: 10.291 GC heap before
{Heap before GC invocations=11 (full 0):
 garbage-first heap   total 35840K, used 23124K [0x00000000e1800000, 0x0000000100000000)
  region size 1024K, 5 young (5120K), 1 survivors (1024K)
 Metaspace       used 17484K, committed 17728K, reserved 1114112K
  class space    used 2092K, committed 2240K, reserved 1048576K
}
Event: 10.293 GC heap after
{Heap after GC invocations=12 (full 0):
 garbage-first heap   total 35840K, used 19369K [0x00000000e1800000, 0x0000000100000000)
  region size 1024K, 1 young (1024K), 1 survivors (1024K)
 Metaspace       used 17484K, committed 17728K, reserved 1114112K
  class space    used 2092K, committed 2240K, reserved 1048576K
}
Event: 14.263 GC heap before
{Heap before GC invocations=12 (full 0):
 garbage-first heap   total 35840K, used 25513K [0x00000000e1800000, 0x0000000100000000)
  region size 1024K, 8 young (8192K), 1 survivors (1024K)
 Metaspace       used 19360K, committed 19584K, reserved 1114112K
  class space    used 2378K, committed 2496K, reserved 1048576K
}
Event: 14.266 GC heap after
{Heap after GC invocations=13 (full 0):
 garbage-first heap   total 35840K, used 19719K [0x00000000e1800000, 0x0000000100000000)
  region size 1024K, 1 young (1024K), 1 survivors (1024K)
 Metaspace       used 19360K, committed 19584K, reserved 1114112K
  class space    used 2378K, committed 2496K, reserved 1048576K
}

