# JRE version: OpenJDK Runtime Environment Temurin-17.0.10+7 (17.0.10+7) (build 17.0.10+7)
# Java VM: OpenJDK 64-Bit Server VM Temurin-17.0.10+7 (17.0.10+7, mixed mode, tiered, compressed oops, compressed class ptrs, parallel gc, windows-amd64)
GC Precious Log:
 CPUs: 4 total, 4 available
 Memory: 1949M
 Large Page Support: Disabled
 NUMA Support: Disabled
 Compressed Oops: Enabled (32-bit)
 Alignments: Space 512K, Generation 512K, Heap 2M
 Heap Min Capacity: 100M
 Heap Initial Capacity: 100M
 Heap Max Capacity: 1G
 Pre-touch: Disabled
 Parallel Workers: 4
Heap:
 PSYoungGen      total 16384K, used 9507K [0x00000000eab00000, 0x00000000ebd80000, 0x0000000100000000)
  eden space 13824K, 51% used [0x00000000eab00000,0x00000000eb200630,0x00000000eb880000)
  from space 2560K, 91% used [0x00000000eb880000,0x00000000ebac8640,0x00000000ebb00000)
  to   space 2560K, 0% used [0x00000000ebb00000,0x00000000ebb00000,0x00000000ebd80000)
 ParOldGen       total 68608K, used 65117K [0x00000000c0000000, 0x00000000c4300000, 0x00000000eab00000)
  object space 68608K, 94% used [0x00000000c0000000,0x00000000c3f97790,0x00000000c4300000)
 Metaspace       used 55563K, committed 56576K, reserved 1114112K
  class space    used 5885K, committed 6336K, reserved 1048576K
GC Heap History (20 events):
Event: 71.949 GC heap before
{Heap before GC invocations=32 (full 2):
 PSYoungGen      total 18944K, used 18701K [0x00000000eab00000, 0x00000000ec280000, 0x0000000100000000)
  eden space 16896K, 100% used [0x00000000eab00000,0x00000000ebb80000,0x00000000ebb80000)
  from space 2048K, 88% used [0x00000000ebb80000,0x00000000ebd43510,0x00000000ebd80000)
  to   space 3584K, 0% used [0x00000000ebf00000,0x00000000ebf00000,0x00000000ec280000)
 ParOldGen       total 68608K, used 42185K [0x00000000c0000000, 0x00000000c4300000, 0x00000000eab00000)
  object space 68608K, 61% used [0x00000000c0000000,0x00000000c29326d0,0x00000000c4300000)
 Metaspace       used 54885K, committed 56000K, reserved 1114112K
  class space    used 5827K, committed 6336K, reserved 1048576K
}
Event: 71.953 GC heap after
{Heap after GC invocations=32 (full 2):
 PSYoungGen      total 18432K, used 1357K [0x00000000eab00000, 0x00000000ec080000, 0x0000000100000000)
  eden space 16896K, 0% used [0x00000000eab00000,0x00000000eab00000,0x00000000ebb80000)
  from space 1536K, 88% used [0x00000000ebf00000,0x00000000ec053530,0x00000000ec080000)
  to   space 2048K, 0% used [0x00000000ebc80000,0x00000000ebc80000,0x00000000ebe80000)
 ParOldGen       total 68608K, used 43113K [0x00000000c0000000, 0x00000000c4300000, 0x00000000eab00000)
  object space 68608K, 62% used [0x00000000c0000000,0x00000000c2a1a610,0x00000000c4300000)
 Metaspace       used 54885K, committed 56000K, reserved 1114112K
  class space    used 5827K, committed 6336K, reserved 1048576K
}
Event: 77.489 GC heap before
{Heap before GC invocations=33 (full 2):
 PSYoungGen      total 18432K, used 18253K [0x00000000eab00000, 0x00000000ec080000, 0x0000000100000000)
  eden space 16896K, 100% used [0x00000000eab00000,0x00000000ebb80000,0x00000000ebb80000)
  from space 1536K, 88% used [0x00000000ebf00000,0x00000000ec053530,0x00000000ec080000)
  to   space 2048K, 0% used [0x00000000ebc80000,0x00000000ebc80000,0x00000000ebe80000)
 ParOldGen       total 68608K, used 43113K [0x00000000c0000000, 0x00000000c4300000, 0x00000000eab00000)
  object space 68608K, 62% used [0x00000000c0000000,0x00000000c2a1a610,0x00000000c4300000)
 Metaspace       used 55397K, committed 56448K, reserved 1114112K
  class space    used 5870K, committed 6336K, reserved 1048576K
}
Event: 77.500 GC heap after
{Heap after GC invocations=33 (full 2):
 PSYoungGen      total 18944K, used 2016K [0x00000000eab00000, 0x00000000ec480000, 0x0000000100000000)
  eden space 16896K, 0% used [0x00000000eab00000,0x00000000eab00000,0x00000000ebb80000)
  from space 2048K, 98% used [0x00000000ebc80000,0x00000000ebe780e8,0x00000000ebe80000)
  to   space 4608K, 0% used [0x00000000ec000000,0x00000000ec000000,0x00000000ec480000)
 ParOldGen       total 68608K, used 44846K [0x00000000c0000000, 0x00000000c4300000, 0x00000000eab00000)
  object space 68608K, 65% used [0x00000000c0000000,0x00000000c2bcbb40,0x00000000c4300000)
 Metaspace       used 55397K, committed 56448K, reserved 1114112K
  class space    used 5870K, committed 6336K, reserved 1048576K
}
Event: 78.371 GC heap before
{Heap before GC invocations=34 (full 2):
 PSYoungGen      total 18944K, used 18912K [0x00000000eab00000, 0x00000000ec480000, 0x0000000100000000)
  eden space 16896K, 100% used [0x00000000eab00000,0x00000000ebb80000,0x00000000ebb80000)
  from space 2048K, 98% used [0x00000000ebc80000,0x00000000ebe780e8,0x00000000ebe80000)
  to   space 4608K, 0% used [0x00000000ec000000,0x00000000ec000000,0x00000000ec480000)
 ParOldGen       total 68608K, used 44846K [0x00000000c0000000, 0x00000000c4300000, 0x00000000eab00000)
  object space 68608K, 65% used [0x00000000c0000000,0x00000000c2bcbb40,0x00000000c4300000)
 Metaspace       used 55531K, committed 56576K, reserved 1114112K
  class space    used 5884K, committed 6336K, reserved 1048576K
}
Event: 78.378 GC heap after
{Heap after GC invocations=34 (full 2):
 PSYoungGen      total 19968K, used 2846K [0x00000000eab00000, 0x00000000ec300000, 0x0000000100000000)
  eden space 16896K, 0% used [0x00000000eab00000,0x00000000eab00000,0x00000000ebb80000)
  from space 3072K, 92% used [0x00000000ec000000,0x00000000ec2c7a08,0x00000000ec300000)
  to   space 3584K, 0% used [0x00000000ebc00000,0x00000000ebc00000,0x00000000ebf80000)
 ParOldGen       total 68608K, used 46766K [0x00000000c0000000, 0x00000000c4300000, 0x00000000eab00000)
  object space 68608K, 68% used [0x00000000c0000000,0x00000000c2dabb58,0x00000000c4300000)
 Metaspace       used 55531K, committed 56576K, reserved 1114112K
  class space    used 5884K, committed 6336K, reserved 1048576K
}
Event: 78.726 GC heap before
{Heap before GC invocations=35 (full 2):
 PSYoungGen      total 19968K, used 19742K [0x00000000eab00000, 0x00000000ec300000, 0x0000000100000000)
  eden space 16896K, 100% used [0x00000000eab00000,0x00000000ebb80000,0x00000000ebb80000)
  from space 3072K, 92% used [0x00000000ec000000,0x00000000ec2c7a08,0x00000000ec300000)
  to   space 3584K, 0% used [0x00000000ebc00000,0x00000000ebc00000,0x00000000ebf80000)
 ParOldGen       total 68608K, used 46766K [0x00000000c0000000, 0x00000000c4300000, 0x00000000eab00000)
  object space 68608K, 68% used [0x00000000c0000000,0x00000000c2dabb58,0x00000000c4300000)
 Metaspace       used 55543K, committed 56576K, reserved 1114112K
  class space    used 5884K, committed 6336K, reserved 1048576K
}
Event: 78.734 GC heap after
{Heap after GC invocations=35 (full 2):
 PSYoungGen      total 19968K, used 3028K [0x00000000eab00000, 0x00000000ec280000, 0x0000000100000000)
  eden space 16896K, 0% used [0x00000000eab00000,0x00000000eab00000,0x00000000ebb80000)
  from space 3072K, 98% used [0x00000000ebc00000,0x00000000ebef53f0,0x00000000ebf00000)
  to   space 3584K, 0% used [0x00000000ebf00000,0x00000000ebf00000,0x00000000ec280000)
 ParOldGen       total 68608K, used 49332K [0x00000000c0000000, 0x00000000c4300000, 0x00000000eab00000)
  object space 68608K, 71% used [0x00000000c0000000,0x00000000c302d1d0,0x00000000c4300000)
 Metaspace       used 55543K, committed 56576K, reserved 1114112K
  class space    used 5884K, committed 6336K, reserved 1048576K
}
Event: 79.099 GC heap before
{Heap before GC invocations=36 (full 2):
 PSYoungGen      total 19968K, used 19924K [0x00000000eab00000, 0x00000000ec280000, 0x0000000100000000)
  eden space 16896K, 100% used [0x00000000eab00000,0x00000000ebb80000,0x00000000ebb80000)
  from space 3072K, 98% used [0x00000000ebc00000,0x00000000ebef53f0,0x00000000ebf00000)
  to   space 3584K, 0% used [0x00000000ebf00000,0x00000000ebf00000,0x00000000ec280000)
 ParOldGen       total 68608K, used 49332K [0x00000000c0000000, 0x00000000c4300000, 0x00000000eab00000)
  object space 68608K, 71% used [0x00000000c0000000,0x00000000c302d1d0,0x00000000c4300000)
 Metaspace       used 55543K, committed 56576K, reserved 1114112K
  class space    used 5884K, committed 6336K, reserved 1048576K
}
Event: 79.105 GC heap after
{Heap after GC invocations=36 (full 2):
 PSYoungGen      total 19968K, used 2776K [0x00000000eab00000, 0x00000000ec200000, 0x0000000100000000)
  eden space 16896K, 0% used [0x00000000eab00000,0x00000000eab00000,0x00000000ebb80000)
  from space 3072K, 90% used [0x00000000ebf00000,0x00000000ec1b63d0,0x00000000ec200000)
  to   space 3072K, 0% used [0x00000000ebc00000,0x00000000ebc00000,0x00000000ebf00000)
 ParOldGen       total 68608K, used 52201K [0x00000000c0000000, 0x00000000c4300000, 0x00000000eab00000)
  object space 68608K, 76% used [0x00000000c0000000,0x00000000c32fa7d0,0x00000000c4300000)
 Metaspace       used 55543K, committed 56576K, reserved 1114112K
  class space    used 5884K, committed 6336K, reserved 1048576K
}
Event: 79.494 GC heap before
{Heap before GC invocations=37 (full 2):
 PSYoungGen      total 19968K, used 19672K [0x00000000eab00000, 0x00000000ec200000, 0x0000000100000000)
  eden space 16896K, 100% used [0x00000000eab00000,0x00000000ebb80000,0x00000000ebb80000)
  from space 3072K, 90% used [0x00000000ebf00000,0x00000000ec1b63d0,0x00000000ec200000)
  to   space 3072K, 0% used [0x00000000ebc00000,0x00000000ebc00000,0x00000000ebf00000)
 ParOldGen       total 68608K, used 52201K [0x00000000c0000000, 0x00000000c4300000, 0x00000000eab00000)
  object space 68608K, 76% used [0x00000000c0000000,0x00000000c32fa7d0,0x00000000c4300000)
 Metaspace       used 55546K, committed 56576K, reserved 1114112K
  class space    used 5884K, committed 6336K, reserved 1048576K
}
Event: 79.501 GC heap after
{Heap after GC invocations=37 (full 2):
 PSYoungGen      total 19968K, used 2829K [0x00000000eab00000, 0x00000000ec180000, 0x0000000100000000)
  eden space 16896K, 0% used [0x00000000eab00000,0x00000000eab00000,0x00000000ebb80000)
  from space 3072K, 92% used [0x00000000ebc00000,0x00000000ebec3658,0x00000000ebf00000)
  to   space 2560K, 0% used [0x00000000ebf00000,0x00000000ebf00000,0x00000000ec180000)
 ParOldGen       total 68608K, used 54823K [0x00000000c0000000, 0x00000000c4300000, 0x00000000eab00000)
  object space 68608K, 79% used [0x00000000c0000000,0x00000000c3589f38,0x00000000c4300000)
 Metaspace       used 55546K, committed 56576K, reserved 1114112K
  class space    used 5884K, committed 6336K, reserved 1048576K
}
Event: 80.173 GC heap before
{Heap before GC invocations=38 (full 2):
 PSYoungGen      total 19968K, used 19725K [0x00000000eab00000, 0x00000000ec180000, 0x0000000100000000)
  eden space 16896K, 100% used [0x00000000eab00000,0x00000000ebb80000,0x00000000ebb80000)
  from space 3072K, 92% used [0x00000000ebc00000,0x00000000ebec3658,0x00000000ebf00000)
  to   space 2560K, 0% used [0x00000000ebf00000,0x00000000ebf00000,0x00000000ec180000)
 ParOldGen       total 68608K, used 54823K [0x00000000c0000000, 0x00000000c4300000, 0x00000000eab00000)
  object space 68608K, 79% used [0x00000000c0000000,0x00000000c3589f38,0x00000000c4300000)
 Metaspace       used 55547K, committed 56576K, reserved 1114112K
  class space    used 5884K, committed 6336K, reserved 1048576K
}
Event: 80.181 GC heap after
{Heap after GC invocations=38 (full 2):
 PSYoungGen      total 16384K, used 2545K [0x00000000eab00000, 0x00000000ec880000, 0x0000000100000000)
  eden space 13824K, 0% used [0x00000000eab00000,0x00000000eab00000,0x00000000eb880000)
  from space 2560K, 99% used [0x00000000ebf00000,0x00000000ec17c500,0x00000000ec180000)
  to   space 6656K, 0% used [0x00000000eb880000,0x00000000eb880000,0x00000000ebf00000)
 ParOldGen       total 68608K, used 58186K [0x00000000c0000000, 0x00000000c4300000, 0x00000000eab00000)
  object space 68608K, 84% used [0x00000000c0000000,0x00000000c38d2b90,0x00000000c4300000)
 Metaspace       used 55547K, committed 56576K, reserved 1114112K
  class space    used 5884K, committed 6336K, reserved 1048576K
}
Event: 82.591 GC heap before
{Heap before GC invocations=39 (full 2):
 PSYoungGen      total 16384K, used 16369K [0x00000000eab00000, 0x00000000ec880000, 0x0000000100000000)
  eden space 13824K, 100% used [0x00000000eab00000,0x00000000eb880000,0x00000000eb880000)
  from space 2560K, 99% used [0x00000000ebf00000,0x00000000ec17c500,0x00000000ec180000)
  to   space 6656K, 0% used [0x00000000eb880000,0x00000000eb880000,0x00000000ebf00000)
 ParOldGen       total 68608K, used 58186K [0x00000000c0000000, 0x00000000c4300000, 0x00000000eab00000)
  object space 68608K, 84% used [0x00000000c0000000,0x00000000c38d2b90,0x00000000c4300000)
 Metaspace       used 55549K, committed 56576K, reserved 1114112K
  class space    used 5884K, committed 6336K, reserved 1048576K
}
Event: 82.600 GC heap after
{Heap after GC invocations=39 (full 2):
 PSYoungGen      total 16384K, used 2332K [0x00000000eab00000, 0x00000000ec080000, 0x0000000100000000)
  eden space 13824K, 0% used [0x00000000eab00000,0x00000000eab00000,0x00000000eb880000)
  from space 2560K, 91% used [0x00000000eb880000,0x00000000ebac7340,0x00000000ebb00000)
  to   space 4096K, 0% used [0x00000000ebc80000,0x00000000ebc80000,0x00000000ec080000)
 ParOldGen       total 68608K, used 60656K [0x00000000c0000000, 0x00000000c4300000, 0x00000000eab00000)
  object space 68608K, 88% used [0x00000000c0000000,0x00000000c3b3c278,0x00000000c4300000)
 Metaspace       used 55549K, committed 56576K, reserved 1114112K
  class space    used 5884K, committed 6336K, reserved 1048576K
}
Event: 88.540 GC heap before
{Heap before GC invocations=40 (full 2):
 PSYoungGen      total 16384K, used 16156K [0x00000000eab00000, 0x00000000ec080000, 0x0000000100000000)
  eden space 13824K, 100% used [0x00000000eab00000,0x00000000eb880000,0x00000000eb880000)
  from space 2560K, 91% used [0x00000000eb880000,0x00000000ebac7340,0x00000000ebb00000)
  to   space 4096K, 0% used [0x00000000ebc80000,0x00000000ebc80000,0x00000000ec080000)
 ParOldGen       total 68608K, used 60656K [0x00000000c0000000, 0x00000000c4300000, 0x00000000eab00000)
  object space 68608K, 88% used [0x00000000c0000000,0x00000000c3b3c278,0x00000000c4300000)
 Metaspace       used 55560K, committed 56576K, reserved 1114112K
  class space    used 5885K, committed 6336K, reserved 1048576K
}
Event: 88.554 GC heap after
{Heap after GC invocations=40 (full 2):
 PSYoungGen      total 16384K, used 2339K [0x00000000eab00000, 0x00000000ebf00000, 0x0000000100000000)
  eden space 13824K, 0% used [0x00000000eab00000,0x00000000eab00000,0x00000000eb880000)
  from space 2560K, 91% used [0x00000000ebc80000,0x00000000ebec8f60,0x00000000ebf00000)
  to   space 2560K, 0% used [0x00000000eb880000,0x00000000eb880000,0x00000000ebb00000)
 ParOldGen       total 68608K, used 62877K [0x00000000c0000000, 0x00000000c4300000, 0x00000000eab00000)
  object space 68608K, 91% used [0x00000000c0000000,0x00000000c3d67610,0x00000000c4300000)
 Metaspace       used 55560K, committed 56576K, reserved 1114112K
  class space    used 5885K, committed 6336K, reserved 1048576K
}
Event: 92.779 GC heap before
{Heap before GC invocations=41 (full 2):
 PSYoungGen      total 16384K, used 16163K [0x00000000eab00000, 0x00000000ebf00000, 0x0000000100000000)
  eden space 13824K, 100% used [0x00000000eab00000,0x00000000eb880000,0x00000000eb880000)
  from space 2560K, 91% used [0x00000000ebc80000,0x00000000ebec8f60,0x00000000ebf00000)
  to   space 2560K, 0% used [0x00000000eb880000,0x00000000eb880000,0x00000000ebb00000)
 ParOldGen       total 68608K, used 62877K [0x00000000c0000000, 0x00000000c4300000, 0x00000000eab00000)
  object space 68608K, 91% used [0x00000000c0000000,0x00000000c3d67610,0x00000000c4300000)
 Metaspace       used 55560K, committed 56576K, reserved 1114112K
  class space    used 5885K, committed 6336K, reserved 1048576K
}
Event: 92.788 GC heap after
{Heap after GC invocations=41 (full 2):
 PSYoungGen      total 16384K, used 2337K [0x00000000eab00000, 0x00000000ebd80000, 0x0000000100000000)
  eden space 13824K, 0% used [0x00000000eab00000,0x00000000eab00000,0x00000000eb880000)
  from space 2560K, 91% used [0x00000000eb880000,0x00000000ebac8640,0x00000000ebb00000)
  to   space 2560K, 0% used [0x00000000ebb00000,0x00000000ebb00000,0x00000000ebd80000)
 ParOldGen       total 68608K, used 65117K [0x00000000c0000000, 0x00000000c4300000, 0x00000000eab00000)
  object space 68608K, 94% used [0x00000000c0000000,0x00000000c3f97790,0x00000000c4300000)
 Metaspace       used 55560K, committed 56576K, reserved 1114112K
  class space    used 5885K, committed 6336K, reserved 1048576K
}

