# JRE version: OpenJDK Runtime Environment Temurin-17.0.10+7 (17.0.10+7) (build 17.0.10+7)
# Java VM: OpenJDK 64-Bit Server VM Temurin-17.0.10+7 (17.0.10+7, mixed mode, tiered, compressed oops, compressed class ptrs, parallel gc, windows-amd64)
GC Precious Log:
 CPUs: 4 total, 4 available
 Memory: 1949M
 Large Page Support: Disabled
 NUMA Support: Disabled
 Compressed Oops: Enabled (32-bit)
 Alignments: Space 512K, Generation 512K, Heap 2M
 Heap Min Capacity: 100M
 Heap Initial Capacity: 100M
 Heap Max Capacity: 1G
 Pre-touch: Disabled
 Parallel Workers: 4
Heap:
 PSYoungGen      total 20480K, used 11701K [0x00000000eab00000, 0x00000000ec800000, 0x0000000100000000)
  eden space 18432K, 52% used [0x00000000eab00000,0x00000000eb46e048,0x00000000ebd00000)
  from space 2048K, 99% used [0x00000000ec200000,0x00000000ec3ff728,0x00000000ec400000)
  to   space 5120K, 0% used [0x00000000ebd00000,0x00000000ebd00000,0x00000000ec200000)
 ParOldGen       total 68608K, used 42999K [0x00000000c0000000, 0x00000000c4300000, 0x00000000eab00000)
  object space 68608K, 62% used [0x00000000c0000000,0x00000000c29fdeb8,0x00000000c4300000)
 Metaspace       used 55231K, committed 56192K, reserved 1114112K
  class space    used 5864K, committed 6272K, reserved 1048576K
GC Heap History (20 events):
Event: 38.757 GC heap before
{Heap before GC invocations=23 (full 2):
 PSYoungGen      total 21504K, used 21488K [0x00000000eab00000, 0x00000000ec980000, 0x0000000100000000)
  eden space 19456K, 100% used [0x00000000eab00000,0x00000000ebe00000,0x00000000ebe00000)
  from space 2048K, 99% used [0x00000000ec280000,0x00000000ec47c030,0x00000000ec480000)
  to   space 4608K, 0% used [0x00000000ebe00000,0x00000000ebe00000,0x00000000ec280000)
 ParOldGen       total 68608K, used 23826K [0x00000000c0000000, 0x00000000c4300000, 0x00000000eab00000)
  object space 68608K, 34% used [0x00000000c0000000,0x00000000c1744bd0,0x00000000c4300000)
 Metaspace       used 53133K, committed 54080K, reserved 1114112K
  class space    used 5684K, committed 6080K, reserved 1048576K
}
Event: 38.769 GC heap after
{Heap after GC invocations=23 (full 2):
 PSYoungGen      total 21504K, used 1824K [0x00000000eab00000, 0x00000000ec400000, 0x0000000100000000)
  eden space 19456K, 0% used [0x00000000eab00000,0x00000000eab00000,0x00000000ebe00000)
  from space 2048K, 89% used [0x00000000ebe00000,0x00000000ebfc8000,0x00000000ec000000)
  to   space 3072K, 0% used [0x00000000ec100000,0x00000000ec100000,0x00000000ec400000)
 ParOldGen       total 68608K, used 25402K [0x00000000c0000000, 0x00000000c4300000, 0x00000000eab00000)
  object space 68608K, 37% used [0x00000000c0000000,0x00000000c18cebe0,0x00000000c4300000)
 Metaspace       used 53133K, committed 54080K, reserved 1114112K
  class space    used 5684K, committed 6080K, reserved 1048576K
}
Event: 38.941 GC heap before
{Heap before GC invocations=24 (full 2):
 PSYoungGen      total 21504K, used 21280K [0x00000000eab00000, 0x00000000ec400000, 0x0000000100000000)
  eden space 19456K, 100% used [0x00000000eab00000,0x00000000ebe00000,0x00000000ebe00000)
  from space 2048K, 89% used [0x00000000ebe00000,0x00000000ebfc8000,0x00000000ec000000)
  to   space 3072K, 0% used [0x00000000ec100000,0x00000000ec100000,0x00000000ec400000)
 ParOldGen       total 68608K, used 25402K [0x00000000c0000000, 0x00000000c4300000, 0x00000000eab00000)
  object space 68608K, 37% used [0x00000000c0000000,0x00000000c18cebe0,0x00000000c4300000)
 Metaspace       used 53200K, committed 54144K, reserved 1114112K
  class space    used 5694K, committed 6080K, reserved 1048576K
}
Event: 38.947 GC heap after
{Heap after GC invocations=24 (full 2):
 PSYoungGen      total 22016K, used 2284K [0x00000000eab00000, 0x00000000ec380000, 0x0000000100000000)
  eden space 19456K, 0% used [0x00000000eab00000,0x00000000eab00000,0x00000000ebe00000)
  from space 2560K, 89% used [0x00000000ec100000,0x00000000ec33b3c8,0x00000000ec380000)
  to   space 2560K, 0% used [0x00000000ebe80000,0x00000000ebe80000,0x00000000ec100000)
 ParOldGen       total 68608K, used 27176K [0x00000000c0000000, 0x00000000c4300000, 0x00000000eab00000)
  object space 68608K, 39% used [0x00000000c0000000,0x00000000c1a8a010,0x00000000c4300000)
 Metaspace       used 53200K, committed 54144K, reserved 1114112K
  class space    used 5694K, committed 6080K, reserved 1048576K
}
Event: 39.053 GC heap before
{Heap before GC invocations=25 (full 2):
 PSYoungGen      total 22016K, used 21740K [0x00000000eab00000, 0x00000000ec380000, 0x0000000100000000)
  eden space 19456K, 100% used [0x00000000eab00000,0x00000000ebe00000,0x00000000ebe00000)
  from space 2560K, 89% used [0x00000000ec100000,0x00000000ec33b3c8,0x00000000ec380000)
  to   space 2560K, 0% used [0x00000000ebe80000,0x00000000ebe80000,0x00000000ec100000)
 ParOldGen       total 68608K, used 27176K [0x00000000c0000000, 0x00000000c4300000, 0x00000000eab00000)
  object space 68608K, 39% used [0x00000000c0000000,0x00000000c1a8a010,0x00000000c4300000)
 Metaspace       used 53203K, committed 54144K, reserved 1114112K
  class space    used 5694K, committed 6080K, reserved 1048576K
}
Event: 39.058 GC heap after
{Heap after GC invocations=25 (full 2):
 PSYoungGen      total 20992K, used 1344K [0x00000000eab00000, 0x00000000ec200000, 0x0000000100000000)
  eden space 19456K, 0% used [0x00000000eab00000,0x00000000eab00000,0x00000000ebe00000)
  from space 1536K, 87% used [0x00000000ebe80000,0x00000000ebfd0000,0x00000000ec000000)
  to   space 2048K, 0% used [0x00000000ec000000,0x00000000ec000000,0x00000000ec200000)
 ParOldGen       total 68608K, used 28458K [0x00000000c0000000, 0x00000000c4300000, 0x00000000eab00000)
  object space 68608K, 41% used [0x00000000c0000000,0x00000000c1bcaaf8,0x00000000c4300000)
 Metaspace       used 53203K, committed 54144K, reserved 1114112K
  class space    used 5694K, committed 6080K, reserved 1048576K
}
Event: 39.187 GC heap before
{Heap before GC invocations=26 (full 2):
 PSYoungGen      total 20992K, used 20800K [0x00000000eab00000, 0x00000000ec200000, 0x0000000100000000)
  eden space 19456K, 100% used [0x00000000eab00000,0x00000000ebe00000,0x00000000ebe00000)
  from space 1536K, 87% used [0x00000000ebe80000,0x00000000ebfd0000,0x00000000ec000000)
  to   space 2048K, 0% used [0x00000000ec000000,0x00000000ec000000,0x00000000ec200000)
 ParOldGen       total 68608K, used 28458K [0x00000000c0000000, 0x00000000c4300000, 0x00000000eab00000)
  object space 68608K, 41% used [0x00000000c0000000,0x00000000c1bcaaf8,0x00000000c4300000)
 Metaspace       used 53405K, committed 54400K, reserved 1114112K
  class space    used 5708K, committed 6144K, reserved 1048576K
}
Event: 39.192 GC heap after
{Heap after GC invocations=26 (full 2):
 PSYoungGen      total 21504K, used 1632K [0x00000000eab00000, 0x00000000ec200000, 0x0000000100000000)
  eden space 19456K, 0% used [0x00000000eab00000,0x00000000eab00000,0x00000000ebe00000)
  from space 2048K, 79% used [0x00000000ec000000,0x00000000ec198000,0x00000000ec200000)
  to   space 2048K, 0% used [0x00000000ebe00000,0x00000000ebe00000,0x00000000ec000000)
 ParOldGen       total 68608K, used 29754K [0x00000000c0000000, 0x00000000c4300000, 0x00000000eab00000)
  object space 68608K, 43% used [0x00000000c0000000,0x00000000c1d0eaf8,0x00000000c4300000)
 Metaspace       used 53405K, committed 54400K, reserved 1114112K
  class space    used 5708K, committed 6144K, reserved 1048576K
}
Event: 39.375 GC heap before
{Heap before GC invocations=27 (full 2):
 PSYoungGen      total 21504K, used 21088K [0x00000000eab00000, 0x00000000ec200000, 0x0000000100000000)
  eden space 19456K, 100% used [0x00000000eab00000,0x00000000ebe00000,0x00000000ebe00000)
  from space 2048K, 79% used [0x00000000ec000000,0x00000000ec198000,0x00000000ec200000)
  to   space 2048K, 0% used [0x00000000ebe00000,0x00000000ebe00000,0x00000000ec000000)
 ParOldGen       total 68608K, used 29754K [0x00000000c0000000, 0x00000000c4300000, 0x00000000eab00000)
  object space 68608K, 43% used [0x00000000c0000000,0x00000000c1d0eaf8,0x00000000c4300000)
 Metaspace       used 53551K, committed 54592K, reserved 1114112K
  class space    used 5717K, committed 6144K, reserved 1048576K
}
Event: 39.382 GC heap after
{Heap after GC invocations=27 (full 2):
 PSYoungGen      total 21504K, used 2032K [0x00000000eab00000, 0x00000000ec600000, 0x0000000100000000)
  eden space 19456K, 0% used [0x00000000eab00000,0x00000000eab00000,0x00000000ebe00000)
  from space 2048K, 99% used [0x00000000ebe00000,0x00000000ebffc020,0x00000000ec000000)
  to   space 4096K, 0% used [0x00000000ec200000,0x00000000ec200000,0x00000000ec600000)
 ParOldGen       total 68608K, used 31440K [0x00000000c0000000, 0x00000000c4300000, 0x00000000eab00000)
  object space 68608K, 45% used [0x00000000c0000000,0x00000000c1eb4130,0x00000000c4300000)
 Metaspace       used 53551K, committed 54592K, reserved 1114112K
  class space    used 5717K, committed 6144K, reserved 1048576K
}
Event: 39.491 GC heap before
{Heap before GC invocations=28 (full 2):
 PSYoungGen      total 21504K, used 21488K [0x00000000eab00000, 0x00000000ec600000, 0x0000000100000000)
  eden space 19456K, 100% used [0x00000000eab00000,0x00000000ebe00000,0x00000000ebe00000)
  from space 2048K, 99% used [0x00000000ebe00000,0x00000000ebffc020,0x00000000ec000000)
  to   space 4096K, 0% used [0x00000000ec200000,0x00000000ec200000,0x00000000ec600000)
 ParOldGen       total 68608K, used 31440K [0x00000000c0000000, 0x00000000c4300000, 0x00000000eab00000)
  object space 68608K, 45% used [0x00000000c0000000,0x00000000c1eb4130,0x00000000c4300000)
 Metaspace       used 53615K, committed 54656K, reserved 1114112K
  class space    used 5722K, committed 6144K, reserved 1048576K
}
Event: 39.499 GC heap after
{Heap after GC invocations=28 (full 2):
 PSYoungGen      total 21504K, used 1696K [0x00000000eab00000, 0x00000000ec400000, 0x0000000100000000)
  eden space 19456K, 0% used [0x00000000eab00000,0x00000000eab00000,0x00000000ebe00000)
  from space 2048K, 82% used [0x00000000ec200000,0x00000000ec3a8040,0x00000000ec400000)
  to   space 2560K, 0% used [0x00000000ebf00000,0x00000000ebf00000,0x00000000ec180000)
 ParOldGen       total 68608K, used 33456K [0x00000000c0000000, 0x00000000c4300000, 0x00000000eab00000)
  object space 68608K, 48% used [0x00000000c0000000,0x00000000c20ac140,0x00000000c4300000)
 Metaspace       used 53615K, committed 54656K, reserved 1114112K
  class space    used 5722K, committed 6144K, reserved 1048576K
}
Event: 39.698 GC heap before
{Heap before GC invocations=29 (full 2):
 PSYoungGen      total 21504K, used 21152K [0x00000000eab00000, 0x00000000ec400000, 0x0000000100000000)
  eden space 19456K, 100% used [0x00000000eab00000,0x00000000ebe00000,0x00000000ebe00000)
  from space 2048K, 82% used [0x00000000ec200000,0x00000000ec3a8040,0x00000000ec400000)
  to   space 2560K, 0% used [0x00000000ebf00000,0x00000000ebf00000,0x00000000ec180000)
 ParOldGen       total 68608K, used 33456K [0x00000000c0000000, 0x00000000c4300000, 0x00000000eab00000)
  object space 68608K, 48% used [0x00000000c0000000,0x00000000c20ac140,0x00000000c4300000)
 Metaspace       used 53674K, committed 54720K, reserved 1114112K
  class space    used 5725K, committed 6144K, reserved 1048576K
}
Event: 39.706 GC heap after
{Heap after GC invocations=29 (full 2):
 PSYoungGen      total 22016K, used 2530K [0x00000000eab00000, 0x00000000ec800000, 0x0000000100000000)
  eden space 19456K, 0% used [0x00000000eab00000,0x00000000eab00000,0x00000000ebe00000)
  from space 2560K, 98% used [0x00000000ebf00000,0x00000000ec178800,0x00000000ec180000)
  to   space 5120K, 0% used [0x00000000ec300000,0x00000000ec300000,0x00000000ec800000)
 ParOldGen       total 68608K, used 35296K [0x00000000c0000000, 0x00000000c4300000, 0x00000000eab00000)
  object space 68608K, 51% used [0x00000000c0000000,0x00000000c2278190,0x00000000c4300000)
 Metaspace       used 53674K, committed 54720K, reserved 1114112K
  class space    used 5725K, committed 6144K, reserved 1048576K
}
Event: 40.360 GC heap before
{Heap before GC invocations=30 (full 2):
 PSYoungGen      total 22016K, used 21986K [0x00000000eab00000, 0x00000000ec800000, 0x0000000100000000)
  eden space 19456K, 100% used [0x00000000eab00000,0x00000000ebe00000,0x00000000ebe00000)
  from space 2560K, 98% used [0x00000000ebf00000,0x00000000ec178800,0x00000000ec180000)
  to   space 5120K, 0% used [0x00000000ec300000,0x00000000ec300000,0x00000000ec800000)
 ParOldGen       total 68608K, used 35296K [0x00000000c0000000, 0x00000000c4300000, 0x00000000eab00000)
  object space 68608K, 51% used [0x00000000c0000000,0x00000000c2278190,0x00000000c4300000)
 Metaspace       used 54013K, committed 54976K, reserved 1114112K
  class space    used 5743K, committed 6144K, reserved 1048576K
}
Event: 40.371 GC heap after
{Heap after GC invocations=30 (full 2):
 PSYoungGen      total 23040K, used 3108K [0x00000000eab00000, 0x00000000ec680000, 0x0000000100000000)
  eden space 19456K, 0% used [0x00000000eab00000,0x00000000eab00000,0x00000000ebe00000)
  from space 3584K, 86% used [0x00000000ec300000,0x00000000ec609010,0x00000000ec680000)
  to   space 3584K, 0% used [0x00000000ebf80000,0x00000000ebf80000,0x00000000ec300000)
 ParOldGen       total 68608K, used 37744K [0x00000000c0000000, 0x00000000c4300000, 0x00000000eab00000)
  object space 68608K, 55% used [0x00000000c0000000,0x00000000c24dc190,0x00000000c4300000)
 Metaspace       used 54013K, committed 54976K, reserved 1114112K
  class space    used 5743K, committed 6144K, reserved 1048576K
}
Event: 41.151 GC heap before
{Heap before GC invocations=31 (full 2):
 PSYoungGen      total 23040K, used 22564K [0x00000000eab00000, 0x00000000ec680000, 0x0000000100000000)
  eden space 19456K, 100% used [0x00000000eab00000,0x00000000ebe00000,0x00000000ebe00000)
  from space 3584K, 86% used [0x00000000ec300000,0x00000000ec609010,0x00000000ec680000)
  to   space 3584K, 0% used [0x00000000ebf80000,0x00000000ebf80000,0x00000000ec300000)
 ParOldGen       total 68608K, used 37744K [0x00000000c0000000, 0x00000000c4300000, 0x00000000eab00000)
  object space 68608K, 55% used [0x00000000c0000000,0x00000000c24dc190,0x00000000c4300000)
 Metaspace       used 54140K, committed 55168K, reserved 1114112K
  class space    used 5748K, committed 6144K, reserved 1048576K
}
Event: 41.161 GC heap after
{Heap after GC invocations=31 (full 2):
 PSYoungGen      total 22016K, used 2483K [0x00000000eab00000, 0x00000000ec400000, 0x0000000100000000)
  eden space 19456K, 0% used [0x00000000eab00000,0x00000000eab00000,0x00000000ebe00000)
  from space 2560K, 96% used [0x00000000ebf80000,0x00000000ec1ecc10,0x00000000ec200000)
  to   space 2048K, 0% used [0x00000000ec200000,0x00000000ec200000,0x00000000ec400000)
 ParOldGen       total 68608K, used 40536K [0x00000000c0000000, 0x00000000c4300000, 0x00000000eab00000)
  object space 68608K, 59% used [0x00000000c0000000,0x00000000c27961a0,0x00000000c4300000)
 Metaspace       used 54140K, committed 55168K, reserved 1114112K
  class space    used 5748K, committed 6144K, reserved 1048576K
}
Event: 42.980 GC heap before
{Heap before GC invocations=32 (full 2):
 PSYoungGen      total 22016K, used 21939K [0x00000000eab00000, 0x00000000ec400000, 0x0000000100000000)
  eden space 19456K, 100% used [0x00000000eab00000,0x00000000ebe00000,0x00000000ebe00000)
  from space 2560K, 96% used [0x00000000ebf80000,0x00000000ec1ecc10,0x00000000ec200000)
  to   space 2048K, 0% used [0x00000000ec200000,0x00000000ec200000,0x00000000ec400000)
 ParOldGen       total 68608K, used 40536K [0x00000000c0000000, 0x00000000c4300000, 0x00000000eab00000)
  object space 68608K, 59% used [0x00000000c0000000,0x00000000c27961a0,0x00000000c4300000)
 Metaspace       used 54691K, committed 55680K, reserved 1114112K
  class space    used 5804K, committed 6208K, reserved 1048576K
}
Event: 42.988 GC heap after
{Heap after GC invocations=32 (full 2):
 PSYoungGen      total 20480K, used 2045K [0x00000000eab00000, 0x00000000ec800000, 0x0000000100000000)
  eden space 18432K, 0% used [0x00000000eab00000,0x00000000eab00000,0x00000000ebd00000)
  from space 2048K, 99% used [0x00000000ec200000,0x00000000ec3ff728,0x00000000ec400000)
  to   space 5120K, 0% used [0x00000000ebd00000,0x00000000ebd00000,0x00000000ec200000)
 ParOldGen       total 68608K, used 42999K [0x00000000c0000000, 0x00000000c4300000, 0x00000000eab00000)
  object space 68608K, 62% used [0x00000000c0000000,0x00000000c29fdeb8,0x00000000c4300000)
 Metaspace       used 54691K, committed 55680K, reserved 1114112K
  class space    used 5804K, committed 6208K, reserved 1048576K
}

