# JRE version: OpenJDK Runtime Environment Temurin-17.0.10+7 (17.0.10+7) (build 17.0.10+7)
# Java VM: OpenJDK 64-Bit Server VM Temurin-17.0.10+7 (17.0.10+7, mixed mode, tiered, compressed oops, compressed class ptrs, parallel gc, windows-amd64)
GC Precious Log:
 CPUs: 4 total, 4 available
 Memory: 1949M
 Large Page Support: Disabled
 NUMA Support: Disabled
 Compressed Oops: Enabled (32-bit)
 Alignments: Space 512K, Generation 512K, Heap 2M
 Heap Min Capacity: 100M
 Heap Initial Capacity: 100M
 Heap Max Capacity: 1G
 Pre-touch: Disabled
 Parallel Workers: 4
Heap:
 PSYoungGen      total 24576K, used 10028K [0x00000000eab00000, 0x00000000ec680000, 0x0000000100000000)
  eden space 20992K, 30% used [0x00000000eab00000,0x00000000eb156948,0x00000000ebf80000)
  from space 3584K, 98% used [0x00000000ebf80000,0x00000000ec2f4780,0x00000000ec300000)
  to   space 3584K, 0% used [0x00000000ec300000,0x00000000ec300000,0x00000000ec680000)
 ParOldGen       total 117760K, used 89796K [0x00000000c0000000, 0x00000000c7300000, 0x00000000eab00000)
  object space 117760K, 76% used [0x00000000c0000000,0x00000000c57b1078,0x00000000c7300000)
 Metaspace       used 55473K, committed 56512K, reserved 1114112K
  class space    used 5896K, committed 6336K, reserved 1048576K
GC Heap History (20 events):
Event: 33.900 GC heap before
{Heap before GC invocations=42 (full 3):
 PSYoungGen      total 24576K, used 24554K [0x00000000eab00000, 0x00000000ec880000, 0x0000000100000000)
  eden space 20992K, 100% used [0x00000000eab00000,0x00000000ebf80000,0x00000000ebf80000)
  from space 3584K, 99% used [0x00000000ebf80000,0x00000000ec2fa910,0x00000000ec300000)
  to   space 4608K, 0% used [0x00000000ec400000,0x00000000ec400000,0x00000000ec880000)
 ParOldGen       total 91136K, used 63153K [0x00000000c0000000, 0x00000000c5900000, 0x00000000eab00000)
  object space 91136K, 69% used [0x00000000c0000000,0x00000000c3dac718,0x00000000c5900000)
 Metaspace       used 55243K, committed 56256K, reserved 1114112K
  class space    used 5883K, committed 6336K, reserved 1048576K
}
Event: 33.908 GC heap after
{Heap after GC invocations=42 (full 3):
 PSYoungGen      total 25088K, used 3646K [0x00000000eab00000, 0x00000000ec800000, 0x0000000100000000)
  eden space 20992K, 0% used [0x00000000eab00000,0x00000000eab00000,0x00000000ebf80000)
  from space 4096K, 89% used [0x00000000ec400000,0x00000000ec78f8a0,0x00000000ec800000)
  to   space 4096K, 0% used [0x00000000ec000000,0x00000000ec000000,0x00000000ec400000)
 ParOldGen       total 91136K, used 66585K [0x00000000c0000000, 0x00000000c5900000, 0x00000000eab00000)
  object space 91136K, 73% used [0x00000000c0000000,0x00000000c41066c0,0x00000000c5900000)
 Metaspace       used 55243K, committed 56256K, reserved 1114112K
  class space    used 5883K, committed 6336K, reserved 1048576K
}
Event: 34.611 GC heap before
{Heap before GC invocations=43 (full 3):
 PSYoungGen      total 25088K, used 24638K [0x00000000eab00000, 0x00000000ec800000, 0x0000000100000000)
  eden space 20992K, 100% used [0x00000000eab00000,0x00000000ebf80000,0x00000000ebf80000)
  from space 4096K, 89% used [0x00000000ec400000,0x00000000ec78f8a0,0x00000000ec800000)
  to   space 4096K, 0% used [0x00000000ec000000,0x00000000ec000000,0x00000000ec400000)
 ParOldGen       total 91136K, used 66585K [0x00000000c0000000, 0x00000000c5900000, 0x00000000eab00000)
  object space 91136K, 73% used [0x00000000c0000000,0x00000000c41066c0,0x00000000c5900000)
 Metaspace       used 55244K, committed 56256K, reserved 1114112K
  class space    used 5883K, committed 6336K, reserved 1048576K
}
Event: 34.619 GC heap after
{Heap after GC invocations=43 (full 3):
 PSYoungGen      total 25088K, used 4083K [0x00000000eab00000, 0x00000000ece80000, 0x0000000100000000)
  eden space 20992K, 0% used [0x00000000eab00000,0x00000000eab00000,0x00000000ebf80000)
  from space 4096K, 99% used [0x00000000ec000000,0x00000000ec3fcc90,0x00000000ec400000)
  to   space 7680K, 0% used [0x00000000ec700000,0x00000000ec700000,0x00000000ece80000)
 ParOldGen       total 91136K, used 69432K [0x00000000c0000000, 0x00000000c5900000, 0x00000000eab00000)
  object space 91136K, 76% used [0x00000000c0000000,0x00000000c43ce3a8,0x00000000c5900000)
 Metaspace       used 55244K, committed 56256K, reserved 1114112K
  class space    used 5883K, committed 6336K, reserved 1048576K
}
Event: 35.100 GC heap before
{Heap before GC invocations=44 (full 3):
 PSYoungGen      total 25088K, used 25075K [0x00000000eab00000, 0x00000000ece80000, 0x0000000100000000)
  eden space 20992K, 100% used [0x00000000eab00000,0x00000000ebf80000,0x00000000ebf80000)
  from space 4096K, 99% used [0x00000000ec000000,0x00000000ec3fcc90,0x00000000ec400000)
  to   space 7680K, 0% used [0x00000000ec700000,0x00000000ec700000,0x00000000ece80000)
 ParOldGen       total 91136K, used 69432K [0x00000000c0000000, 0x00000000c5900000, 0x00000000eab00000)
  object space 91136K, 76% used [0x00000000c0000000,0x00000000c43ce3a8,0x00000000c5900000)
 Metaspace       used 55262K, committed 56256K, reserved 1114112K
  class space    used 5886K, committed 6336K, reserved 1048576K
}
Event: 35.131 GC heap after
{Heap after GC invocations=44 (full 3):
 PSYoungGen      total 24576K, used 3526K [0x00000000eab00000, 0x00000000eca80000, 0x0000000100000000)
  eden space 20992K, 0% used [0x00000000eab00000,0x00000000eab00000,0x00000000ebf80000)
  from space 3584K, 98% used [0x00000000ec700000,0x00000000eca71898,0x00000000eca80000)
  to   space 5120K, 0% used [0x00000000ec080000,0x00000000ec080000,0x00000000ec580000)
 ParOldGen       total 91136K, used 73299K [0x00000000c0000000, 0x00000000c5900000, 0x00000000eab00000)
  object space 91136K, 80% used [0x00000000c0000000,0x00000000c4794fc8,0x00000000c5900000)
 Metaspace       used 55262K, committed 56256K, reserved 1114112K
  class space    used 5886K, committed 6336K, reserved 1048576K
}
Event: 35.737 GC heap before
{Heap before GC invocations=45 (full 3):
 PSYoungGen      total 24576K, used 24518K [0x00000000eab00000, 0x00000000eca80000, 0x0000000100000000)
  eden space 20992K, 100% used [0x00000000eab00000,0x00000000ebf80000,0x00000000ebf80000)
  from space 3584K, 98% used [0x00000000ec700000,0x00000000eca71898,0x00000000eca80000)
  to   space 5120K, 0% used [0x00000000ec080000,0x00000000ec080000,0x00000000ec580000)
 ParOldGen       total 91136K, used 73299K [0x00000000c0000000, 0x00000000c5900000, 0x00000000eab00000)
  object space 91136K, 80% used [0x00000000c0000000,0x00000000c4794fc8,0x00000000c5900000)
 Metaspace       used 55262K, committed 56256K, reserved 1114112K
  class space    used 5886K, committed 6336K, reserved 1048576K
}
Event: 36.087 GC heap after
{Heap after GC invocations=45 (full 3):
 PSYoungGen      total 24576K, used 3358K [0x00000000eab00000, 0x00000000ec780000, 0x0000000100000000)
  eden space 20992K, 0% used [0x00000000eab00000,0x00000000eab00000,0x00000000ebf80000)
  from space 3584K, 93% used [0x00000000ec080000,0x00000000ec3c7a58,0x00000000ec400000)
  to   space 3584K, 0% used [0x00000000ec400000,0x00000000ec400000,0x00000000ec780000)
 ParOldGen       total 91136K, used 76708K [0x00000000c0000000, 0x00000000c5900000, 0x00000000eab00000)
  object space 91136K, 84% used [0x00000000c0000000,0x00000000c4ae9220,0x00000000c5900000)
 Metaspace       used 55262K, committed 56256K, reserved 1114112K
  class space    used 5886K, committed 6336K, reserved 1048576K
}
Event: 36.449 GC heap before
{Heap before GC invocations=46 (full 3):
 PSYoungGen      total 24576K, used 24350K [0x00000000eab00000, 0x00000000ec780000, 0x0000000100000000)
  eden space 20992K, 100% used [0x00000000eab00000,0x00000000ebf80000,0x00000000ebf80000)
  from space 3584K, 93% used [0x00000000ec080000,0x00000000ec3c7a58,0x00000000ec400000)
  to   space 3584K, 0% used [0x00000000ec400000,0x00000000ec400000,0x00000000ec780000)
 ParOldGen       total 91136K, used 76708K [0x00000000c0000000, 0x00000000c5900000, 0x00000000eab00000)
  object space 91136K, 84% used [0x00000000c0000000,0x00000000c4ae9220,0x00000000c5900000)
 Metaspace       used 55305K, committed 56320K, reserved 1114112K
  class space    used 5886K, committed 6336K, reserved 1048576K
}
Event: 36.459 GC heap after
{Heap after GC invocations=46 (full 3):
 PSYoungGen      total 24064K, used 3035K [0x00000000eab00000, 0x00000000ec700000, 0x0000000100000000)
  eden space 20992K, 0% used [0x00000000eab00000,0x00000000eab00000,0x00000000ebf80000)
  from space 3072K, 98% used [0x00000000ec400000,0x00000000ec6f6d70,0x00000000ec700000)
  to   space 3584K, 0% used [0x00000000ec000000,0x00000000ec000000,0x00000000ec380000)
 ParOldGen       total 91136K, used 79926K [0x00000000c0000000, 0x00000000c5900000, 0x00000000eab00000)
  object space 91136K, 87% used [0x00000000c0000000,0x00000000c4e0dbc0,0x00000000c5900000)
 Metaspace       used 55305K, committed 56320K, reserved 1114112K
  class space    used 5886K, committed 6336K, reserved 1048576K
}
Event: 37.143 GC heap before
{Heap before GC invocations=47 (full 3):
 PSYoungGen      total 24064K, used 24027K [0x00000000eab00000, 0x00000000ec700000, 0x0000000100000000)
  eden space 20992K, 100% used [0x00000000eab00000,0x00000000ebf80000,0x00000000ebf80000)
  from space 3072K, 98% used [0x00000000ec400000,0x00000000ec6f6d70,0x00000000ec700000)
  to   space 3584K, 0% used [0x00000000ec000000,0x00000000ec000000,0x00000000ec380000)
 ParOldGen       total 91136K, used 79926K [0x00000000c0000000, 0x00000000c5900000, 0x00000000eab00000)
  object space 91136K, 87% used [0x00000000c0000000,0x00000000c4e0dbc0,0x00000000c5900000)
 Metaspace       used 55472K, committed 56512K, reserved 1114112K
  class space    used 5896K, committed 6336K, reserved 1048576K
}
Event: 37.151 GC heap after
{Heap after GC invocations=47 (full 3):
 PSYoungGen      total 24576K, used 3506K [0x00000000eab00000, 0x00000000ec780000, 0x0000000100000000)
  eden space 20992K, 0% used [0x00000000eab00000,0x00000000eab00000,0x00000000ebf80000)
  from space 3584K, 97% used [0x00000000ec000000,0x00000000ec36ca50,0x00000000ec380000)
  to   space 4096K, 0% used [0x00000000ec380000,0x00000000ec380000,0x00000000ec780000)
 ParOldGen       total 91136K, used 82900K [0x00000000c0000000, 0x00000000c5900000, 0x00000000eab00000)
  object space 91136K, 90% used [0x00000000c0000000,0x00000000c50f5188,0x00000000c5900000)
 Metaspace       used 55472K, committed 56512K, reserved 1114112K
  class space    used 5896K, committed 6336K, reserved 1048576K
}
Event: 37.443 GC heap before
{Heap before GC invocations=48 (full 3):
 PSYoungGen      total 24576K, used 24498K [0x00000000eab00000, 0x00000000ec780000, 0x0000000100000000)
  eden space 20992K, 100% used [0x00000000eab00000,0x00000000ebf80000,0x00000000ebf80000)
  from space 3584K, 97% used [0x00000000ec000000,0x00000000ec36ca50,0x00000000ec380000)
  to   space 4096K, 0% used [0x00000000ec380000,0x00000000ec380000,0x00000000ec780000)
 ParOldGen       total 91136K, used 82900K [0x00000000c0000000, 0x00000000c5900000, 0x00000000eab00000)
  object space 91136K, 90% used [0x00000000c0000000,0x00000000c50f5188,0x00000000c5900000)
 Metaspace       used 55472K, committed 56512K, reserved 1114112K
  class space    used 5896K, committed 6336K, reserved 1048576K
}
Event: 37.449 GC heap after
{Heap after GC invocations=48 (full 3):
 PSYoungGen      total 24576K, used 3380K [0x00000000eab00000, 0x00000000ec700000, 0x0000000100000000)
  eden space 20992K, 0% used [0x00000000eab00000,0x00000000eab00000,0x00000000ebf80000)
  from space 3584K, 94% used [0x00000000ec380000,0x00000000ec6cd2d0,0x00000000ec700000)
  to   space 3584K, 0% used [0x00000000ec000000,0x00000000ec000000,0x00000000ec380000)
 ParOldGen       total 91136K, used 86216K [0x00000000c0000000, 0x00000000c5900000, 0x00000000eab00000)
  object space 91136K, 94% used [0x00000000c0000000,0x00000000c54321a8,0x00000000c5900000)
 Metaspace       used 55472K, committed 56512K, reserved 1114112K
  class space    used 5896K, committed 6336K, reserved 1048576K
}
Event: 37.740 GC heap before
{Heap before GC invocations=49 (full 3):
 PSYoungGen      total 24576K, used 24372K [0x00000000eab00000, 0x00000000ec700000, 0x0000000100000000)
  eden space 20992K, 100% used [0x00000000eab00000,0x00000000ebf80000,0x00000000ebf80000)
  from space 3584K, 94% used [0x00000000ec380000,0x00000000ec6cd2d0,0x00000000ec700000)
  to   space 3584K, 0% used [0x00000000ec000000,0x00000000ec000000,0x00000000ec380000)
 ParOldGen       total 91136K, used 86216K [0x00000000c0000000, 0x00000000c5900000, 0x00000000eab00000)
  object space 91136K, 94% used [0x00000000c0000000,0x00000000c54321a8,0x00000000c5900000)
 Metaspace       used 55473K, committed 56512K, reserved 1114112K
  class space    used 5896K, committed 6336K, reserved 1048576K
}
Event: 37.750 GC heap after
{Heap after GC invocations=49 (full 3):
 PSYoungGen      total 24576K, used 3401K [0x00000000eab00000, 0x00000000ec680000, 0x0000000100000000)
  eden space 20992K, 0% used [0x00000000eab00000,0x00000000eab00000,0x00000000ebf80000)
  from space 3584K, 94% used [0x00000000ec000000,0x00000000ec352740,0x00000000ec380000)
  to   space 3072K, 0% used [0x00000000ec380000,0x00000000ec380000,0x00000000ec680000)
 ParOldGen       total 91136K, used 89450K [0x00000000c0000000, 0x00000000c5900000, 0x00000000eab00000)
  object space 91136K, 98% used [0x00000000c0000000,0x00000000c575aba0,0x00000000c5900000)
 Metaspace       used 55473K, committed 56512K, reserved 1114112K
  class space    used 5896K, committed 6336K, reserved 1048576K
}
Event: 37.750 GC heap before
{Heap before GC invocations=50 (full 4):
 PSYoungGen      total 24576K, used 3401K [0x00000000eab00000, 0x00000000ec680000, 0x0000000100000000)
  eden space 20992K, 0% used [0x00000000eab00000,0x00000000eab00000,0x00000000ebf80000)
  from space 3584K, 94% used [0x00000000ec000000,0x00000000ec352740,0x00000000ec380000)
  to   space 3072K, 0% used [0x00000000ec380000,0x00000000ec380000,0x00000000ec680000)
 ParOldGen       total 91136K, used 89450K [0x00000000c0000000, 0x00000000c5900000, 0x00000000eab00000)
  object space 91136K, 98% used [0x00000000c0000000,0x00000000c575aba0,0x00000000c5900000)
 Metaspace       used 55473K, committed 56512K, reserved 1114112K
  class space    used 5896K, committed 6336K, reserved 1048576K
}
Event: 38.011 GC heap after
{Heap after GC invocations=50 (full 4):
 PSYoungGen      total 24064K, used 0K [0x00000000eab00000, 0x00000000ec680000, 0x0000000100000000)
  eden space 20992K, 0% used [0x00000000eab00000,0x00000000eab00000,0x00000000ebf80000)
  from space 3072K, 0% used [0x00000000ec380000,0x00000000ec380000,0x00000000ec680000)
  to   space 3584K, 0% used [0x00000000ebf80000,0x00000000ebf80000,0x00000000ec300000)
 ParOldGen       total 117760K, used 89796K [0x00000000c0000000, 0x00000000c7300000, 0x00000000eab00000)
  object space 117760K, 76% used [0x00000000c0000000,0x00000000c57b1078,0x00000000c7300000)
 Metaspace       used 55473K, committed 56512K, reserved 1114112K
  class space    used 5896K, committed 6336K, reserved 1048576K
}
Event: 38.331 GC heap before
{Heap before GC invocations=51 (full 4):
 PSYoungGen      total 24064K, used 20992K [0x00000000eab00000, 0x00000000ec680000, 0x0000000100000000)
  eden space 20992K, 100% used [0x00000000eab00000,0x00000000ebf80000,0x00000000ebf80000)
  from space 3072K, 0% used [0x00000000ec380000,0x00000000ec380000,0x00000000ec680000)
  to   space 3584K, 0% used [0x00000000ebf80000,0x00000000ebf80000,0x00000000ec300000)
 ParOldGen       total 117760K, used 89796K [0x00000000c0000000, 0x00000000c7300000, 0x00000000eab00000)
  object space 117760K, 76% used [0x00000000c0000000,0x00000000c57b1078,0x00000000c7300000)
 Metaspace       used 55473K, committed 56512K, reserved 1114112K
  class space    used 5896K, committed 6336K, reserved 1048576K
}
Event: 38.335 GC heap after
{Heap after GC invocations=51 (full 4):
 PSYoungGen      total 24576K, used 3537K [0x00000000eab00000, 0x00000000ec680000, 0x0000000100000000)
  eden space 20992K, 0% used [0x00000000eab00000,0x00000000eab00000,0x00000000ebf80000)
  from space 3584K, 98% used [0x00000000ebf80000,0x00000000ec2f4780,0x00000000ec300000)
  to   space 3584K, 0% used [0x00000000ec300000,0x00000000ec300000,0x00000000ec680000)
 ParOldGen       total 117760K, used 89796K [0x00000000c0000000, 0x00000000c7300000, 0x00000000eab00000)
  object space 117760K, 76% used [0x00000000c0000000,0x00000000c57b1078,0x00000000c7300000)
 Metaspace       used 55473K, committed 56512K, reserved 1114112K
  class space    used 5896K, committed 6336K, reserved 1048576K
}

