# JRE version: OpenJDK Runtime Environment Temurin-17.0.13+11 (17.0.13+11) (build 17.0.13+11)
# Java VM: OpenJDK 64-Bit Server VM Temurin-17.0.13+11 (17.0.13+11, mixed mode, tiered, compressed oops, compressed class ptrs, parallel gc, windows-amd64)
GC Precious Log:
 CPUs: 4 total, 4 available
 Memory: 1949M
 Large Page Support: Disabled
 NUMA Support: Disabled
 Compressed Oops: Enabled (32-bit)
 Alignments: Space 512K, Generation 512K, Heap 2M
 Heap Min Capacity: 100M
 Heap Initial Capacity: 100M
 Heap Max Capacity: 1G
 Pre-touch: Disabled
 Parallel Workers: 4
Heap:
 PSYoungGen      total 5120K, used 2906K [0x00000000eab00000, 0x00000000eb400000, 0x0000000100000000)
  eden space 2560K, 14% used [0x00000000eab00000,0x00000000eab5dd58,0x00000000ead80000)
  from space 2560K, 98% used [0x00000000eb180000,0x00000000eb3f8cf0,0x00000000eb400000)
  to   space 3072K, 0% used [0x00000000eae00000,0x00000000eae00000,0x00000000eb100000)
 ParOldGen       total 346112K, used 343399K [0x00000000c0000000, 0x00000000d5200000, 0x00000000eab00000)
  object space 346112K, 99% used [0x00000000c0000000,0x00000000d4f59fe8,0x00000000d5200000)
 Metaspace       used 63962K, committed 64896K, reserved 1114112K
  class space    used 6720K, committed 7168K, reserved 1048576K
GC Heap History (20 events):
Event: 155.032 GC heap before
{Heap before GC invocations=247 (full 13):
 PSYoungGen      total 2560K, used 2560K [0x00000000eab00000, 0x00000000eb580000, 0x0000000100000000)
  eden space 512K, 100% used [0x00000000eab00000,0x00000000eab80000,0x00000000eab80000)
  from space 2048K, 100% used [0x00000000eaf00000,0x00000000eb100000,0x00000000eb100000)
  to   space 3584K, 0% used [0x00000000eab80000,0x00000000eab80000,0x00000000eaf00000)
 ParOldGen       total 346112K, used 328165K [0x00000000c0000000, 0x00000000d5200000, 0x00000000eab00000)
  object space 346112K, 94% used [0x00000000c0000000,0x00000000d4079630,0x00000000d5200000)
 Metaspace       used 63941K, committed 64896K, reserved 1114112K
  class space    used 6720K, committed 7168K, reserved 1048576K
}
Event: 155.052 GC heap after
{Heap after GC invocations=247 (full 13):
 PSYoungGen      total 1536K, used 544K [0x00000000eab00000, 0x00000000eb000000, 0x0000000100000000)
  eden space 512K, 0% used [0x00000000eab00000,0x00000000eab00000,0x00000000eab80000)
  from space 1024K, 53% used [0x00000000eab80000,0x00000000eac08000,0x00000000eac80000)
  to   space 2048K, 0% used [0x00000000eae00000,0x00000000eae00000,0x00000000eb000000)
 ParOldGen       total 346112K, used 330225K [0x00000000c0000000, 0x00000000d5200000, 0x00000000eab00000)
  object space 346112K, 95% used [0x00000000c0000000,0x00000000d427c628,0x00000000d5200000)
 Metaspace       used 63941K, committed 64896K, reserved 1114112K
  class space    used 6720K, committed 7168K, reserved 1048576K
}
Event: 155.060 GC heap before
{Heap before GC invocations=248 (full 13):
 PSYoungGen      total 1536K, used 1056K [0x00000000eab00000, 0x00000000eb000000, 0x0000000100000000)
  eden space 512K, 100% used [0x00000000eab00000,0x00000000eab80000,0x00000000eab80000)
  from space 1024K, 53% used [0x00000000eab80000,0x00000000eac08000,0x00000000eac80000)
  to   space 2048K, 0% used [0x00000000eae00000,0x00000000eae00000,0x00000000eb000000)
 ParOldGen       total 346112K, used 330225K [0x00000000c0000000, 0x00000000d5200000, 0x00000000eab00000)
  object space 346112K, 95% used [0x00000000c0000000,0x00000000d427c628,0x00000000d5200000)
 Metaspace       used 63941K, committed 64896K, reserved 1114112K
  class space    used 6720K, committed 7168K, reserved 1048576K
}
Event: 155.076 GC heap after
{Heap after GC invocations=248 (full 13):
 PSYoungGen      total 2048K, used 563K [0x00000000eab00000, 0x00000000eaf00000, 0x0000000100000000)
  eden space 1024K, 0% used [0x00000000eab00000,0x00000000eab00000,0x00000000eac00000)
  from space 1024K, 55% used [0x00000000eae00000,0x00000000eae8cdb0,0x00000000eaf00000)
  to   space 1024K, 0% used [0x00000000ead00000,0x00000000ead00000,0x00000000eae00000)
 ParOldGen       total 346112K, used 330732K [0x00000000c0000000, 0x00000000d5200000, 0x00000000eab00000)
  object space 346112K, 95% used [0x00000000c0000000,0x00000000d42fb0a0,0x00000000d5200000)
 Metaspace       used 63941K, committed 64896K, reserved 1114112K
  class space    used 6720K, committed 7168K, reserved 1048576K
}
Event: 155.103 GC heap before
{Heap before GC invocations=249 (full 13):
 PSYoungGen      total 2048K, used 1587K [0x00000000eab00000, 0x00000000eaf00000, 0x0000000100000000)
  eden space 1024K, 100% used [0x00000000eab00000,0x00000000eac00000,0x00000000eac00000)
  from space 1024K, 55% used [0x00000000eae00000,0x00000000eae8cdb0,0x00000000eaf00000)
  to   space 1024K, 0% used [0x00000000ead00000,0x00000000ead00000,0x00000000eae00000)
 ParOldGen       total 346112K, used 330732K [0x00000000c0000000, 0x00000000d5200000, 0x00000000eab00000)
  object space 346112K, 95% used [0x00000000c0000000,0x00000000d42fb0a0,0x00000000d5200000)
 Metaspace       used 63941K, committed 64896K, reserved 1114112K
  class space    used 6720K, committed 7168K, reserved 1048576K
}
Event: 155.112 GC heap after
{Heap after GC invocations=249 (full 13):
 PSYoungGen      total 2560K, used 995K [0x00000000eab00000, 0x00000000eb080000, 0x0000000100000000)
  eden space 1536K, 0% used [0x00000000eab00000,0x00000000eab00000,0x00000000eac80000)
  from space 1024K, 97% used [0x00000000ead00000,0x00000000eadf8ee8,0x00000000eae00000)
  to   space 2048K, 0% used [0x00000000eae80000,0x00000000eae80000,0x00000000eb080000)
 ParOldGen       total 346112K, used 331272K [0x00000000c0000000, 0x00000000d5200000, 0x00000000eab00000)
  object space 346112K, 95% used [0x00000000c0000000,0x00000000d4382398,0x00000000d5200000)
 Metaspace       used 63941K, committed 64896K, reserved 1114112K
  class space    used 6720K, committed 7168K, reserved 1048576K
}
Event: 155.889 GC heap before
{Heap before GC invocations=250 (full 13):
 PSYoungGen      total 2560K, used 2531K [0x00000000eab00000, 0x00000000eb080000, 0x0000000100000000)
  eden space 1536K, 100% used [0x00000000eab00000,0x00000000eac80000,0x00000000eac80000)
  from space 1024K, 97% used [0x00000000ead00000,0x00000000eadf8ee8,0x00000000eae00000)
  to   space 2048K, 0% used [0x00000000eae80000,0x00000000eae80000,0x00000000eb080000)
 ParOldGen       total 346112K, used 331272K [0x00000000c0000000, 0x00000000d5200000, 0x00000000eab00000)
  object space 346112K, 95% used [0x00000000c0000000,0x00000000d4382398,0x00000000d5200000)
 Metaspace       used 63941K, committed 64896K, reserved 1114112K
  class space    used 6720K, committed 7168K, reserved 1048576K
}
Event: 155.899 GC heap after
{Heap after GC invocations=250 (full 13):
 PSYoungGen      total 3584K, used 1559K [0x00000000eab00000, 0x00000000eb100000, 0x0000000100000000)
  eden space 1536K, 0% used [0x00000000eab00000,0x00000000eab00000,0x00000000eac80000)
  from space 2048K, 76% used [0x00000000eae80000,0x00000000eb005eb8,0x00000000eb080000)
  to   space 2048K, 0% used [0x00000000eac80000,0x00000000eac80000,0x00000000eae80000)
 ParOldGen       total 346112K, used 332269K [0x00000000c0000000, 0x00000000d5200000, 0x00000000eab00000)
  object space 346112K, 96% used [0x00000000c0000000,0x00000000d447b790,0x00000000d5200000)
 Metaspace       used 63941K, committed 64896K, reserved 1114112K
  class space    used 6720K, committed 7168K, reserved 1048576K
}
Event: 156.003 GC heap before
{Heap before GC invocations=251 (full 13):
 PSYoungGen      total 3584K, used 3095K [0x00000000eab00000, 0x00000000eb100000, 0x0000000100000000)
  eden space 1536K, 100% used [0x00000000eab00000,0x00000000eac80000,0x00000000eac80000)
  from space 2048K, 76% used [0x00000000eae80000,0x00000000eb005eb8,0x00000000eb080000)
  to   space 2048K, 0% used [0x00000000eac80000,0x00000000eac80000,0x00000000eae80000)
 ParOldGen       total 346112K, used 332269K [0x00000000c0000000, 0x00000000d5200000, 0x00000000eab00000)
  object space 346112K, 96% used [0x00000000c0000000,0x00000000d447b790,0x00000000d5200000)
 Metaspace       used 63941K, committed 64896K, reserved 1114112K
  class space    used 6720K, committed 7168K, reserved 1048576K
}
Event: 156.014 GC heap after
{Heap after GC invocations=251 (full 13):
 PSYoungGen      total 3584K, used 1563K [0x00000000eab00000, 0x00000000eb100000, 0x0000000100000000)
  eden space 1536K, 0% used [0x00000000eab00000,0x00000000eab00000,0x00000000eac80000)
  from space 2048K, 76% used [0x00000000eac80000,0x00000000eae06f70,0x00000000eae80000)
  to   space 2048K, 0% used [0x00000000eaf00000,0x00000000eaf00000,0x00000000eb100000)
 ParOldGen       total 346112K, used 333777K [0x00000000c0000000, 0x00000000d5200000, 0x00000000eab00000)
  object space 346112K, 96% used [0x00000000c0000000,0x00000000d45f4608,0x00000000d5200000)
 Metaspace       used 63941K, committed 64896K, reserved 1114112K
  class space    used 6720K, committed 7168K, reserved 1048576K
}
Event: 156.959 GC heap before
{Heap before GC invocations=252 (full 13):
 PSYoungGen      total 3584K, used 3099K [0x00000000eab00000, 0x00000000eb100000, 0x0000000100000000)
  eden space 1536K, 99% used [0x00000000eab00000,0x00000000eac7fe00,0x00000000eac80000)
  from space 2048K, 76% used [0x00000000eac80000,0x00000000eae06f70,0x00000000eae80000)
  to   space 2048K, 0% used [0x00000000eaf00000,0x00000000eaf00000,0x00000000eb100000)
 ParOldGen       total 346112K, used 333777K [0x00000000c0000000, 0x00000000d5200000, 0x00000000eab00000)
  object space 346112K, 96% used [0x00000000c0000000,0x00000000d45f4608,0x00000000d5200000)
 Metaspace       used 63941K, committed 64896K, reserved 1114112K
  class space    used 6720K, committed 7168K, reserved 1048576K
}
Event: 156.968 GC heap after
{Heap after GC invocations=252 (full 13):
 PSYoungGen      total 4096K, used 1542K [0x00000000eab00000, 0x00000000eb100000, 0x0000000100000000)
  eden space 2048K, 0% used [0x00000000eab00000,0x00000000eab00000,0x00000000ead00000)
  from space 2048K, 75% used [0x00000000eaf00000,0x00000000eb0819b8,0x00000000eb100000)
  to   space 2048K, 0% used [0x00000000ead00000,0x00000000ead00000,0x00000000eaf00000)
 ParOldGen       total 346112K, used 335323K [0x00000000c0000000, 0x00000000d5200000, 0x00000000eab00000)
  object space 346112K, 96% used [0x00000000c0000000,0x00000000d4776fe8,0x00000000d5200000)
 Metaspace       used 63941K, committed 64896K, reserved 1114112K
  class space    used 6720K, committed 7168K, reserved 1048576K
}
Event: 157.951 GC heap before
{Heap before GC invocations=253 (full 13):
 PSYoungGen      total 4096K, used 3590K [0x00000000eab00000, 0x00000000eb100000, 0x0000000100000000)
  eden space 2048K, 100% used [0x00000000eab00000,0x00000000ead00000,0x00000000ead00000)
  from space 2048K, 75% used [0x00000000eaf00000,0x00000000eb0819b8,0x00000000eb100000)
  to   space 2048K, 0% used [0x00000000ead00000,0x00000000ead00000,0x00000000eaf00000)
 ParOldGen       total 346112K, used 335323K [0x00000000c0000000, 0x00000000d5200000, 0x00000000eab00000)
  object space 346112K, 96% used [0x00000000c0000000,0x00000000d4776fe8,0x00000000d5200000)
 Metaspace       used 63941K, committed 64896K, reserved 1114112K
  class space    used 6720K, committed 7168K, reserved 1048576K
}
Event: 157.964 GC heap after
{Heap after GC invocations=253 (full 13):
 PSYoungGen      total 4096K, used 2031K [0x00000000eab00000, 0x00000000eb580000, 0x0000000100000000)
  eden space 2048K, 0% used [0x00000000eab00000,0x00000000eab00000,0x00000000ead00000)
  from space 2048K, 99% used [0x00000000ead00000,0x00000000eaefbf40,0x00000000eaf00000)
  to   space 4096K, 0% used [0x00000000eb180000,0x00000000eb180000,0x00000000eb580000)
 ParOldGen       total 346112K, used 336828K [0x00000000c0000000, 0x00000000d5200000, 0x00000000eab00000)
  object space 346112K, 97% used [0x00000000c0000000,0x00000000d48ef3f8,0x00000000d5200000)
 Metaspace       used 63941K, committed 64896K, reserved 1114112K
  class space    used 6720K, committed 7168K, reserved 1048576K
}
Event: 158.522 GC heap before
{Heap before GC invocations=254 (full 13):
 PSYoungGen      total 4096K, used 4079K [0x00000000eab00000, 0x00000000eb580000, 0x0000000100000000)
  eden space 2048K, 100% used [0x00000000eab00000,0x00000000ead00000,0x00000000ead00000)
  from space 2048K, 99% used [0x00000000ead00000,0x00000000eaefbf40,0x00000000eaf00000)
  to   space 4096K, 0% used [0x00000000eb180000,0x00000000eb180000,0x00000000eb580000)
 ParOldGen       total 346112K, used 336828K [0x00000000c0000000, 0x00000000d5200000, 0x00000000eab00000)
  object space 346112K, 97% used [0x00000000c0000000,0x00000000d48ef3f8,0x00000000d5200000)
 Metaspace       used 63941K, committed 64896K, reserved 1114112K
  class space    used 6720K, committed 7168K, reserved 1048576K
}
Event: 158.534 GC heap after
{Heap after GC invocations=254 (full 13):
 PSYoungGen      total 5120K, used 2075K [0x00000000eab00000, 0x00000000eb400000, 0x0000000100000000)
  eden space 2560K, 0% used [0x00000000eab00000,0x00000000eab00000,0x00000000ead80000)
  from space 2560K, 81% used [0x00000000eb180000,0x00000000eb386f70,0x00000000eb400000)
  to   space 3072K, 0% used [0x00000000eae00000,0x00000000eae00000,0x00000000eb100000)
 ParOldGen       total 346112K, used 338835K [0x00000000c0000000, 0x00000000d5200000, 0x00000000eab00000)
  object space 346112K, 97% used [0x00000000c0000000,0x00000000d4ae4d50,0x00000000d5200000)
 Metaspace       used 63941K, committed 64896K, reserved 1114112K
  class space    used 6720K, committed 7168K, reserved 1048576K
}
Event: 158.604 GC heap before
{Heap before GC invocations=255 (full 13):
 PSYoungGen      total 5120K, used 4635K [0x00000000eab00000, 0x00000000eb400000, 0x0000000100000000)
  eden space 2560K, 100% used [0x00000000eab00000,0x00000000ead80000,0x00000000ead80000)
  from space 2560K, 81% used [0x00000000eb180000,0x00000000eb386f70,0x00000000eb400000)
  to   space 3072K, 0% used [0x00000000eae00000,0x00000000eae00000,0x00000000eb100000)
 ParOldGen       total 346112K, used 338835K [0x00000000c0000000, 0x00000000d5200000, 0x00000000eab00000)
  object space 346112K, 97% used [0x00000000c0000000,0x00000000d4ae4d50,0x00000000d5200000)
 Metaspace       used 63941K, committed 64896K, reserved 1114112K
  class space    used 6720K, committed 7168K, reserved 1048576K
}
Event: 158.632 GC heap after
{Heap after GC invocations=255 (full 13):
 PSYoungGen      total 5632K, used 3059K [0x00000000eab00000, 0x00000000eb400000, 0x0000000100000000)
  eden space 2560K, 0% used [0x00000000eab00000,0x00000000eab00000,0x00000000ead80000)
  from space 3072K, 99% used [0x00000000eae00000,0x00000000eb0fce28,0x00000000eb100000)
  to   space 2560K, 0% used [0x00000000eb180000,0x00000000eb180000,0x00000000eb400000)
 ParOldGen       total 346112K, used 340369K [0x00000000c0000000, 0x00000000d5200000, 0x00000000eab00000)
  object space 346112K, 98% used [0x00000000c0000000,0x00000000d4c647f8,0x00000000d5200000)
 Metaspace       used 63941K, committed 64896K, reserved 1114112K
  class space    used 6720K, committed 7168K, reserved 1048576K
}
Event: 158.921 GC heap before
{Heap before GC invocations=256 (full 13):
 PSYoungGen      total 5632K, used 5619K [0x00000000eab00000, 0x00000000eb400000, 0x0000000100000000)
  eden space 2560K, 100% used [0x00000000eab00000,0x00000000ead80000,0x00000000ead80000)
  from space 3072K, 99% used [0x00000000eae00000,0x00000000eb0fce28,0x00000000eb100000)
  to   space 2560K, 0% used [0x00000000eb180000,0x00000000eb180000,0x00000000eb400000)
 ParOldGen       total 346112K, used 340369K [0x00000000c0000000, 0x00000000d5200000, 0x00000000eab00000)
  object space 346112K, 98% used [0x00000000c0000000,0x00000000d4c647f8,0x00000000d5200000)
 Metaspace       used 63952K, committed 64896K, reserved 1114112K
  class space    used 6720K, committed 7168K, reserved 1048576K
}
Event: 158.942 GC heap after
{Heap after GC invocations=256 (full 13):
 PSYoungGen      total 5120K, used 2531K [0x00000000eab00000, 0x00000000eb400000, 0x0000000100000000)
  eden space 2560K, 0% used [0x00000000eab00000,0x00000000eab00000,0x00000000ead80000)
  from space 2560K, 98% used [0x00000000eb180000,0x00000000eb3f8cf0,0x00000000eb400000)
  to   space 3072K, 0% used [0x00000000eae00000,0x00000000eae00000,0x00000000eb100000)
 ParOldGen       total 346112K, used 343399K [0x00000000c0000000, 0x00000000d5200000, 0x00000000eab00000)
  object space 346112K, 99% used [0x00000000c0000000,0x00000000d4f59fe8,0x00000000d5200000)
 Metaspace       used 63952K, committed 64896K, reserved 1114112K
  class space    used 6720K, committed 7168K, reserved 1048576K
}

