# JRE version: Java(TM) SE Runtime Environment (21.0.2+13) (build 21.0.2+13-LTS-58)
# Java VM: Java HotSpot(TM) 64-Bit Server VM (21.0.2+13-LTS-58, mixed mode, sharing, tiered, compressed oops, compressed class ptrs, g1 gc, windows-amd64)
GC Precious Log:
 CardTable entry size: 512
 Card Set container configuration: InlinePtr #cards 5 size 8 Array Of Cards #cards 12 size 40 Howl #buckets 4 coarsen threshold 1843 Howl Bitmap #cards 512 size 80 coarsen threshold 460 Card regions per heap region 1 cards per card region 2048
 CPUs: 4 total, 4 available
 Memory: 1949M
 Large Page Support: Disabled
 NUMA Support: Disabled
 Compressed Oops: Enabled (32-bit)
 Heap Region Size: 1M
 Heap Min Capacity: 8M
 Heap Initial Capacity: 32M
 Heap Max Capacity: 488M
 Pre-touch: Disabled
 Parallel Workers: 4
 Concurrent Workers: 1
 Concurrent Refinement Workers: 4
 Periodic GC: Disabled
Heap:
 garbage-first heap   total 32768K, used 14855K [0x00000000e1800000, 0x0000000100000000)
  region size 1024K, 9 young (9216K), 1 survivors (1024K)
 Metaspace       used 12309K, committed 12544K, reserved 1114112K
  class space    used 1423K, committed 1472K, reserved 1048576K
GC Heap History (6 events):
Event: 4.935 GC heap before
{Heap before GC invocations=0 (full 0):
 garbage-first heap   total 32768K, used 14336K [0x00000000e1800000, 0x0000000100000000)
  region size 1024K, 13 young (13312K), 0 survivors (0K)
 Metaspace       used 3930K, committed 4096K, reserved 1114112K
  class space    used 458K, committed 512K, reserved 1048576K
}
Event: 4.944 GC heap after
{Heap after GC invocations=1 (full 0):
 garbage-first heap   total 32768K, used 5440K [0x00000000e1800000, 0x0000000100000000)
  region size 1024K, 2 young (2048K), 2 survivors (2048K)
 Metaspace       used 3930K, committed 4096K, reserved 1114112K
  class space    used 458K, committed 512K, reserved 1048576K
}
Event: 5.933 GC heap before
{Heap before GC invocations=1 (full 0):
 garbage-first heap   total 32768K, used 15680K [0x00000000e1800000, 0x0000000100000000)
  region size 1024K, 13 young (13312K), 2 survivors (2048K)
 Metaspace       used 6803K, committed 6976K, reserved 1114112K
  class space    used 746K, committed 832K, reserved 1048576K
}
Event: 5.941 GC heap after
{Heap after GC invocations=2 (full 0):
 garbage-first heap   total 32768K, used 6803K [0x00000000e1800000, 0x0000000100000000)
  region size 1024K, 2 young (2048K), 2 survivors (2048K)
 Metaspace       used 6803K, committed 6976K, reserved 1114112K
  class space    used 746K, committed 832K, reserved 1048576K
}
Event: 7.828 GC heap before
{Heap before GC invocations=2 (full 0):
 garbage-first heap   total 32768K, used 17043K [0x00000000e1800000, 0x0000000100000000)
  region size 1024K, 13 young (13312K), 2 survivors (2048K)
 Metaspace       used 9971K, committed 10112K, reserved 1114112K
  class space    used 1137K, committed 1216K, reserved 1048576K
}
Event: 7.838 GC heap after
{Heap after GC invocations=3 (full 0):
 garbage-first heap   total 32768K, used 7687K [0x00000000e1800000, 0x0000000100000000)
  region size 1024K, 1 young (1024K), 1 survivors (1024K)
 Metaspace       used 9971K, committed 10112K, reserved 1114112K
  class space    used 1137K, committed 1216K, reserved 1048576K
}

