# JRE version: Java(TM) SE Runtime Environment (21.0.2+13) (build 21.0.2+13-LTS-58)
# Java VM: Java HotSpot(TM) 64-Bit Server VM (21.0.2+13-LTS-58, mixed mode, sharing, tiered, compressed oops, compressed class ptrs, g1 gc, windows-amd64)
GC Precious Log:
 CardTable entry size: 512
 Card Set container configuration: InlinePtr #cards 5 size 8 Array Of Cards #cards 12 size 40 Howl #buckets 4 coarsen threshold 1843 Howl Bitmap #cards 512 size 80 coarsen threshold 460 Card regions per heap region 1 cards per card region 2048
 CPUs: 4 total, 4 available
 Memory: 1949M
 Large Page Support: Disabled
 NUMA Support: Disabled
 Compressed Oops: Enabled (32-bit)
 Heap Region Size: 1M
 Heap Min Capacity: 256M
 Heap Initial Capacity: 256M
 Heap Max Capacity: 512M
 Pre-touch: Disabled
 Parallel Workers: 4
 Concurrent Workers: 1
 Concurrent Refinement Workers: 4
 Periodic GC: Disabled
Heap:
 garbage-first heap   total 262144K, used 39325K [0x00000000e0000000, 0x0000000100000000)
  region size 1024K, 8 young (8192K), 2 survivors (2048K)
 Metaspace       used 40146K, committed 41472K, reserved 393216K
  class space    used 5696K, committed 6336K, reserved 327680K
GC Heap History (18 events):
Event: 2.613 GC heap before
{Heap before GC invocations=0 (full 0):
 garbage-first heap   total 262144K, used 13312K [0x00000000e0000000, 0x0000000100000000)
  region size 1024K, 13 young (13312K), 0 survivors (0K)
 Metaspace       used 996K, committed 1152K, reserved 393216K
  class space    used 79K, committed 128K, reserved 327680K
}
Event: 2.633 GC heap after
{Heap after GC invocations=1 (full 0):
 garbage-first heap   total 262144K, used 2704K [0x00000000e0000000, 0x0000000100000000)
  region size 1024K, 2 young (2048K), 2 survivors (2048K)
 Metaspace       used 996K, committed 1152K, reserved 393216K
  class space    used 79K, committed 128K, reserved 327680K
}
Event: 7.566 GC heap before
{Heap before GC invocations=1 (full 0):
 garbage-first heap   total 262144K, used 28304K [0x00000000e0000000, 0x0000000100000000)
  region size 1024K, 24 young (24576K), 2 survivors (2048K)
 Metaspace       used 4129K, committed 4352K, reserved 393216K
  class space    used 502K, committed 640K, reserved 327680K
}
Event: 7.604 GC heap after
{Heap after GC invocations=2 (full 0):
 garbage-first heap   total 262144K, used 10661K [0x00000000e0000000, 0x0000000100000000)
  region size 1024K, 3 young (3072K), 3 survivors (3072K)
 Metaspace       used 4129K, committed 4352K, reserved 393216K
  class space    used 502K, committed 640K, reserved 327680K
}
Event: 11.401 GC heap before
{Heap before GC invocations=2 (full 0):
 garbage-first heap   total 262144K, used 36261K [0x00000000e0000000, 0x0000000100000000)
  region size 1024K, 27 young (27648K), 3 survivors (3072K)
 Metaspace       used 4229K, committed 4480K, reserved 393216K
  class space    used 504K, committed 640K, reserved 327680K
}
Event: 11.409 GC heap after
{Heap after GC invocations=3 (full 0):
 garbage-first heap   total 262144K, used 14847K [0x00000000e0000000, 0x0000000100000000)
  region size 1024K, 4 young (4096K), 4 survivors (4096K)
 Metaspace       used 4229K, committed 4480K, reserved 393216K
  class space    used 504K, committed 640K, reserved 327680K
}
Event: 38.308 GC heap before
{Heap before GC invocations=3 (full 0):
 garbage-first heap   total 262144K, used 107007K [0x00000000e0000000, 0x0000000100000000)
  region size 1024K, 96 young (98304K), 4 survivors (4096K)
 Metaspace       used 20862K, committed 21504K, reserved 393216K
  class space    used 2991K, committed 3328K, reserved 327680K
}
Event: 38.737 GC heap after
{Heap after GC invocations=4 (full 0):
 garbage-first heap   total 262144K, used 22500K [0x00000000e0000000, 0x0000000100000000)
  region size 1024K, 12 young (12288K), 12 survivors (12288K)
 Metaspace       used 20862K, committed 21504K, reserved 393216K
  class space    used 2991K, committed 3328K, reserved 327680K
}
Event: 52.030 GC heap before
{Heap before GC invocations=5 (full 0):
 garbage-first heap   total 262144K, used 40932K [0x00000000e0000000, 0x0000000100000000)
  region size 1024K, 30 young (30720K), 12 survivors (12288K)
 Metaspace       used 23282K, committed 24128K, reserved 393216K
  class space    used 3418K, committed 3840K, reserved 327680K
}
Event: 52.124 GC heap after
{Heap after GC invocations=6 (full 0):
 garbage-first heap   total 262144K, used 24196K [0x00000000e0000000, 0x0000000100000000)
  region size 1024K, 2 young (2048K), 2 survivors (2048K)
 Metaspace       used 23282K, committed 24128K, reserved 393216K
  class space    used 3418K, committed 3840K, reserved 327680K
}
Event: 68.524 GC heap before
{Heap before GC invocations=6 (full 0):
 garbage-first heap   total 262144K, used 81540K [0x00000000e0000000, 0x0000000100000000)
  region size 1024K, 58 young (59392K), 2 survivors (2048K)
 Metaspace       used 31234K, committed 32512K, reserved 393216K
  class space    used 4703K, committed 5312K, reserved 327680K
}
Event: 68.670 GC heap after
{Heap after GC invocations=7 (full 0):
 garbage-first heap   total 262144K, used 26651K [0x00000000e0000000, 0x0000000100000000)
  region size 1024K, 5 young (5120K), 5 survivors (5120K)
 Metaspace       used 31234K, committed 32512K, reserved 393216K
  class space    used 4703K, committed 5312K, reserved 327680K
}
Event: 71.150 GC heap before
{Heap before GC invocations=7 (full 0):
 garbage-first heap   total 262144K, used 38939K [0x00000000e0000000, 0x0000000100000000)
  region size 1024K, 18 young (18432K), 5 survivors (5120K)
 Metaspace       used 34794K, committed 35968K, reserved 393216K
  class space    used 5039K, committed 5632K, reserved 327680K
}
Event: 71.177 GC heap after
{Heap after GC invocations=8 (full 0):
 garbage-first heap   total 262144K, used 28911K [0x00000000e0000000, 0x0000000100000000)
  region size 1024K, 3 young (3072K), 3 survivors (3072K)
 Metaspace       used 34794K, committed 35968K, reserved 393216K
  class space    used 5039K, committed 5632K, reserved 327680K
}
Event: 101.561 GC heap before
{Heap before GC invocations=9 (full 0):
 garbage-first heap   total 262144K, used 80111K [0x00000000e0000000, 0x0000000100000000)
  region size 1024K, 49 young (50176K), 3 survivors (3072K)
 Metaspace       used 38675K, committed 39936K, reserved 393216K
  class space    used 5456K, committed 6080K, reserved 327680K
}
Event: 101.769 GC heap after
{Heap after GC invocations=10 (full 0):
 garbage-first heap   total 262144K, used 33302K [0x00000000e0000000, 0x0000000100000000)
  region size 1024K, 7 young (7168K), 7 survivors (7168K)
 Metaspace       used 38675K, committed 39936K, reserved 393216K
  class space    used 5456K, committed 6080K, reserved 327680K
}
Event: 104.408 GC heap before
{Heap before GC invocations=10 (full 0):
 garbage-first heap   total 262144K, used 40470K [0x00000000e0000000, 0x0000000100000000)
  region size 1024K, 14 young (14336K), 7 survivors (7168K)
 Metaspace       used 39339K, committed 40704K, reserved 393216K
  class space    used 5564K, committed 6208K, reserved 327680K
}
Event: 104.700 GC heap after
{Heap after GC invocations=11 (full 0):
 garbage-first heap   total 262144K, used 34205K [0x00000000e0000000, 0x0000000100000000)
  region size 1024K, 2 young (2048K), 2 survivors (2048K)
 Metaspace       used 39339K, committed 40704K, reserved 393216K
  class space    used 5564K, committed 6208K, reserved 327680K
}

