# JRE version: OpenJDK Runtime Environment Temurin-17.0.13+11 (17.0.13+11) (build 17.0.13+11)
# Java VM: OpenJDK 64-Bit Server VM Temurin-17.0.13+11 (17.0.13+11, mixed mode, tiered, compressed oops, compressed class ptrs, parallel gc, windows-amd64)
GC Precious Log:
 CPUs: 4 total, 4 available
 Memory: 1949M
 Large Page Support: Disabled
 NUMA Support: Disabled
 Compressed Oops: Enabled (32-bit)
 Alignments: Space 512K, Generation 512K, Heap 2M
 Heap Min Capacity: 100M
 Heap Initial Capacity: 100M
 Heap Max Capacity: 1G
 Pre-touch: Disabled
 Parallel Workers: 4
Heap:
 PSYoungGen      total 17920K, used 5390K [0x00000000eab00000, 0x00000000ec080000, 0x0000000100000000)
  eden space 15872K, 33% used [0x00000000eab00000,0x00000000eb043a78,0x00000000eba80000)
  from space 2048K, 0% used [0x00000000ebe80000,0x00000000ebe80000,0x00000000ec080000)
  to   space 3072K, 0% used [0x00000000eba80000,0x00000000eba80000,0x00000000ebd80000)
 ParOldGen       total 89600K, used 61787K [0x00000000c0000000, 0x00000000c5780000, 0x00000000eab00000)
  object space 89600K, 68% used [0x00000000c0000000,0x00000000c3c56f00,0x00000000c5780000)
 Metaspace       used 57731K, committed 58816K, reserved 1114112K
  class space    used 6104K, committed 6592K, reserved 1048576K
GC Heap History (20 events):
Event: 57.121 GC heap before
{Heap before GC invocations=43 (full 2):
 PSYoungGen      total 19968K, used 19537K [0x00000000eab00000, 0x00000000ec000000, 0x0000000100000000)
  eden space 18944K, 100% used [0x00000000eab00000,0x00000000ebd80000,0x00000000ebd80000)
  from space 1024K, 57% used [0x00000000ebf00000,0x00000000ebf945f8,0x00000000ec000000)
  to   space 1024K, 0% used [0x00000000ebe00000,0x00000000ebe00000,0x00000000ebf00000)
 ParOldGen       total 68608K, used 54313K [0x00000000c0000000, 0x00000000c4300000, 0x00000000eab00000)
  object space 68608K, 79% used [0x00000000c0000000,0x00000000c350a598,0x00000000c4300000)
 Metaspace       used 56075K, committed 57152K, reserved 1114112K
  class space    used 5939K, committed 6400K, reserved 1048576K
}
Event: 57.125 GC heap after
{Heap after GC invocations=43 (full 2):
 PSYoungGen      total 19968K, used 678K [0x00000000eab00000, 0x00000000ebf80000, 0x0000000100000000)
  eden space 18944K, 0% used [0x00000000eab00000,0x00000000eab00000,0x00000000ebd80000)
  from space 1024K, 66% used [0x00000000ebe00000,0x00000000ebea9948,0x00000000ebf00000)
  to   space 512K, 0% used [0x00000000ebf00000,0x00000000ebf00000,0x00000000ebf80000)
 ParOldGen       total 68608K, used 54733K [0x00000000c0000000, 0x00000000c4300000, 0x00000000eab00000)
  object space 68608K, 79% used [0x00000000c0000000,0x00000000c3573790,0x00000000c4300000)
 Metaspace       used 56075K, committed 57152K, reserved 1114112K
  class space    used 5939K, committed 6400K, reserved 1048576K
}
Event: 57.262 GC heap before
{Heap before GC invocations=44 (full 2):
 PSYoungGen      total 19968K, used 19622K [0x00000000eab00000, 0x00000000ebf80000, 0x0000000100000000)
  eden space 18944K, 100% used [0x00000000eab00000,0x00000000ebd80000,0x00000000ebd80000)
  from space 1024K, 66% used [0x00000000ebe00000,0x00000000ebea9948,0x00000000ebf00000)
  to   space 512K, 0% used [0x00000000ebf00000,0x00000000ebf00000,0x00000000ebf80000)
 ParOldGen       total 68608K, used 54733K [0x00000000c0000000, 0x00000000c4300000, 0x00000000eab00000)
  object space 68608K, 79% used [0x00000000c0000000,0x00000000c3573790,0x00000000c4300000)
 Metaspace       used 56075K, committed 57152K, reserved 1114112K
  class space    used 5939K, committed 6400K, reserved 1048576K
}
Event: 57.264 GC heap after
{Heap after GC invocations=44 (full 2):
 PSYoungGen      total 18432K, used 485K [0x00000000eab00000, 0x00000000ec280000, 0x0000000100000000)
  eden space 17920K, 0% used [0x00000000eab00000,0x00000000eab00000,0x00000000ebc80000)
  from space 512K, 94% used [0x00000000ebf00000,0x00000000ebf79468,0x00000000ebf80000)
  to   space 2560K, 0% used [0x00000000ebc80000,0x00000000ebc80000,0x00000000ebf00000)
 ParOldGen       total 68608K, used 56162K [0x00000000c0000000, 0x00000000c4300000, 0x00000000eab00000)
  object space 68608K, 81% used [0x00000000c0000000,0x00000000c36d8be8,0x00000000c4300000)
 Metaspace       used 56075K, committed 57152K, reserved 1114112K
  class space    used 5939K, committed 6400K, reserved 1048576K
}
Event: 57.372 GC heap before
{Heap before GC invocations=45 (full 2):
 PSYoungGen      total 18432K, used 18405K [0x00000000eab00000, 0x00000000ec280000, 0x0000000100000000)
  eden space 17920K, 100% used [0x00000000eab00000,0x00000000ebc80000,0x00000000ebc80000)
  from space 512K, 94% used [0x00000000ebf00000,0x00000000ebf79468,0x00000000ebf80000)
  to   space 2560K, 0% used [0x00000000ebc80000,0x00000000ebc80000,0x00000000ebf00000)
 ParOldGen       total 68608K, used 56162K [0x00000000c0000000, 0x00000000c4300000, 0x00000000eab00000)
  object space 68608K, 81% used [0x00000000c0000000,0x00000000c36d8be8,0x00000000c4300000)
 Metaspace       used 56075K, committed 57152K, reserved 1114112K
  class space    used 5939K, committed 6400K, reserved 1048576K
}
Event: 57.375 GC heap after
{Heap after GC invocations=45 (full 2):
 PSYoungGen      total 18944K, used 800K [0x00000000eab00000, 0x00000000ebf80000, 0x0000000100000000)
  eden space 17920K, 0% used [0x00000000eab00000,0x00000000eab00000,0x00000000ebc80000)
  from space 1024K, 78% used [0x00000000ebc80000,0x00000000ebd48000,0x00000000ebd80000)
  to   space 1536K, 0% used [0x00000000ebe00000,0x00000000ebe00000,0x00000000ebf80000)
 ParOldGen       total 68608K, used 56653K [0x00000000c0000000, 0x00000000c4300000, 0x00000000eab00000)
  object space 68608K, 82% used [0x00000000c0000000,0x00000000c37537b8,0x00000000c4300000)
 Metaspace       used 56075K, committed 57152K, reserved 1114112K
  class space    used 5939K, committed 6400K, reserved 1048576K
}
Event: 57.543 GC heap before
{Heap before GC invocations=46 (full 2):
 PSYoungGen      total 18944K, used 18720K [0x00000000eab00000, 0x00000000ebf80000, 0x0000000100000000)
  eden space 17920K, 100% used [0x00000000eab00000,0x00000000ebc80000,0x00000000ebc80000)
  from space 1024K, 78% used [0x00000000ebc80000,0x00000000ebd48000,0x00000000ebd80000)
  to   space 1536K, 0% used [0x00000000ebe00000,0x00000000ebe00000,0x00000000ebf80000)
 ParOldGen       total 68608K, used 56653K [0x00000000c0000000, 0x00000000c4300000, 0x00000000eab00000)
  object space 68608K, 82% used [0x00000000c0000000,0x00000000c37537b8,0x00000000c4300000)
 Metaspace       used 56075K, committed 57152K, reserved 1114112K
  class space    used 5939K, committed 6400K, reserved 1048576K
}
Event: 57.546 GC heap after
{Heap after GC invocations=46 (full 2):
 PSYoungGen      total 18944K, used 789K [0x00000000eab00000, 0x00000000ebf00000, 0x0000000100000000)
  eden space 17920K, 0% used [0x00000000eab00000,0x00000000eab00000,0x00000000ebc80000)
  from space 1024K, 77% used [0x00000000ebe00000,0x00000000ebec56a0,0x00000000ebf00000)
  to   space 1024K, 0% used [0x00000000ebc80000,0x00000000ebc80000,0x00000000ebd80000)
 ParOldGen       total 68608K, used 57384K [0x00000000c0000000, 0x00000000c4300000, 0x00000000eab00000)
  object space 68608K, 83% used [0x00000000c0000000,0x00000000c380a008,0x00000000c4300000)
 Metaspace       used 56075K, committed 57152K, reserved 1114112K
  class space    used 5939K, committed 6400K, reserved 1048576K
}
Event: 57.654 GC heap before
{Heap before GC invocations=47 (full 2):
 PSYoungGen      total 18944K, used 18709K [0x00000000eab00000, 0x00000000ebf00000, 0x0000000100000000)
  eden space 17920K, 100% used [0x00000000eab00000,0x00000000ebc80000,0x00000000ebc80000)
  from space 1024K, 77% used [0x00000000ebe00000,0x00000000ebec56a0,0x00000000ebf00000)
  to   space 1024K, 0% used [0x00000000ebc80000,0x00000000ebc80000,0x00000000ebd80000)
 ParOldGen       total 68608K, used 57384K [0x00000000c0000000, 0x00000000c4300000, 0x00000000eab00000)
  object space 68608K, 83% used [0x00000000c0000000,0x00000000c380a008,0x00000000c4300000)
 Metaspace       used 56078K, committed 57152K, reserved 1114112K
  class space    used 5939K, committed 6400K, reserved 1048576K
}
Event: 57.656 GC heap after
{Heap after GC invocations=47 (full 2):
 PSYoungGen      total 18944K, used 577K [0x00000000eab00000, 0x00000000ebe80000, 0x0000000100000000)
  eden space 17920K, 0% used [0x00000000eab00000,0x00000000eab00000,0x00000000ebc80000)
  from space 1024K, 56% used [0x00000000ebc80000,0x00000000ebd106e8,0x00000000ebd80000)
  to   space 1024K, 0% used [0x00000000ebd80000,0x00000000ebd80000,0x00000000ebe80000)
 ParOldGen       total 68608K, used 57846K [0x00000000c0000000, 0x00000000c4300000, 0x00000000eab00000)
  object space 68608K, 84% used [0x00000000c0000000,0x00000000c387d890,0x00000000c4300000)
 Metaspace       used 56078K, committed 57152K, reserved 1114112K
  class space    used 5939K, committed 6400K, reserved 1048576K
}
Event: 58.331 GC heap before
{Heap before GC invocations=48 (full 2):
 PSYoungGen      total 18944K, used 18497K [0x00000000eab00000, 0x00000000ebe80000, 0x0000000100000000)
  eden space 17920K, 100% used [0x00000000eab00000,0x00000000ebc80000,0x00000000ebc80000)
  from space 1024K, 56% used [0x00000000ebc80000,0x00000000ebd106e8,0x00000000ebd80000)
  to   space 1024K, 0% used [0x00000000ebd80000,0x00000000ebd80000,0x00000000ebe80000)
 ParOldGen       total 68608K, used 57846K [0x00000000c0000000, 0x00000000c4300000, 0x00000000eab00000)
  object space 68608K, 84% used [0x00000000c0000000,0x00000000c387d890,0x00000000c4300000)
 Metaspace       used 56083K, committed 57152K, reserved 1114112K
  class space    used 5939K, committed 6400K, reserved 1048576K
}
Event: 58.335 GC heap after
{Heap after GC invocations=48 (full 2):
 PSYoungGen      total 16896K, used 1006K [0x00000000eab00000, 0x00000000ec280000, 0x0000000100000000)
  eden space 15872K, 0% used [0x00000000eab00000,0x00000000eab00000,0x00000000eba80000)
  from space 1024K, 98% used [0x00000000ebd80000,0x00000000ebe7b9a0,0x00000000ebe80000)
  to   space 3072K, 0% used [0x00000000eba80000,0x00000000eba80000,0x00000000ebd80000)
 ParOldGen       total 68608K, used 59460K [0x00000000c0000000, 0x00000000c4300000, 0x00000000eab00000)
  object space 68608K, 86% used [0x00000000c0000000,0x00000000c3a111e0,0x00000000c4300000)
 Metaspace       used 56083K, committed 57152K, reserved 1114112K
  class space    used 5939K, committed 6400K, reserved 1048576K
}
Event: 59.897 GC heap before
{Heap before GC invocations=49 (full 2):
 PSYoungGen      total 16896K, used 16878K [0x00000000eab00000, 0x00000000ec280000, 0x0000000100000000)
  eden space 15872K, 100% used [0x00000000eab00000,0x00000000eba80000,0x00000000eba80000)
  from space 1024K, 98% used [0x00000000ebd80000,0x00000000ebe7b9a0,0x00000000ebe80000)
  to   space 3072K, 0% used [0x00000000eba80000,0x00000000eba80000,0x00000000ebd80000)
 ParOldGen       total 68608K, used 59460K [0x00000000c0000000, 0x00000000c4300000, 0x00000000eab00000)
  object space 68608K, 86% used [0x00000000c0000000,0x00000000c3a111e0,0x00000000c4300000)
 Metaspace       used 56108K, committed 57152K, reserved 1114112K
  class space    used 5941K, committed 6400K, reserved 1048576K
}
Event: 59.903 GC heap after
{Heap after GC invocations=49 (full 2):
 PSYoungGen      total 18944K, used 3042K [0x00000000eab00000, 0x00000000ec580000, 0x0000000100000000)
  eden space 15872K, 0% used [0x00000000eab00000,0x00000000eab00000,0x00000000eba80000)
  from space 3072K, 99% used [0x00000000eba80000,0x00000000ebd78b80,0x00000000ebd80000)
  to   space 5632K, 0% used [0x00000000ec000000,0x00000000ec000000,0x00000000ec580000)
 ParOldGen       total 68608K, used 61230K [0x00000000c0000000, 0x00000000c4300000, 0x00000000eab00000)
  object space 68608K, 89% used [0x00000000c0000000,0x00000000c3bcb810,0x00000000c4300000)
 Metaspace       used 56108K, committed 57152K, reserved 1114112K
  class space    used 5941K, committed 6400K, reserved 1048576K
}
Event: 63.224 GC heap before
{Heap before GC invocations=50 (full 2):
 PSYoungGen      total 18944K, used 18914K [0x00000000eab00000, 0x00000000ec580000, 0x0000000100000000)
  eden space 15872K, 100% used [0x00000000eab00000,0x00000000eba80000,0x00000000eba80000)
  from space 3072K, 99% used [0x00000000eba80000,0x00000000ebd78b80,0x00000000ebd80000)
  to   space 5632K, 0% used [0x00000000ec000000,0x00000000ec000000,0x00000000ec580000)
 ParOldGen       total 68608K, used 61230K [0x00000000c0000000, 0x00000000c4300000, 0x00000000eab00000)
  object space 68608K, 89% used [0x00000000c0000000,0x00000000c3bcb810,0x00000000c4300000)
 Metaspace       used 56138K, committed 57280K, reserved 1114112K
  class space    used 5944K, committed 6464K, reserved 1048576K
}
Event: 63.385 GC heap after
{Heap after GC invocations=50 (full 2):
 PSYoungGen      total 18944K, used 2669K [0x00000000eab00000, 0x00000000ec300000, 0x0000000100000000)
  eden space 15872K, 0% used [0x00000000eab00000,0x00000000eab00000,0x00000000eba80000)
  from space 3072K, 86% used [0x00000000ec000000,0x00000000ec29b7f8,0x00000000ec300000)
  to   space 3584K, 0% used [0x00000000ebc00000,0x00000000ebc00000,0x00000000ebf80000)
 ParOldGen       total 68608K, used 64230K [0x00000000c0000000, 0x00000000c4300000, 0x00000000eab00000)
  object space 68608K, 93% used [0x00000000c0000000,0x00000000c3eb9a90,0x00000000c4300000)
 Metaspace       used 56138K, committed 57280K, reserved 1114112K
  class space    used 5944K, committed 6464K, reserved 1048576K
}
Event: 68.005 GC heap before
{Heap before GC invocations=51 (full 2):
 PSYoungGen      total 18944K, used 18541K [0x00000000eab00000, 0x00000000ec300000, 0x0000000100000000)
  eden space 15872K, 100% used [0x00000000eab00000,0x00000000eba80000,0x00000000eba80000)
  from space 3072K, 86% used [0x00000000ec000000,0x00000000ec29b7f8,0x00000000ec300000)
  to   space 3584K, 0% used [0x00000000ebc00000,0x00000000ebc00000,0x00000000ebf80000)
 ParOldGen       total 68608K, used 64230K [0x00000000c0000000, 0x00000000c4300000, 0x00000000eab00000)
  object space 68608K, 93% used [0x00000000c0000000,0x00000000c3eb9a90,0x00000000c4300000)
 Metaspace       used 57349K, committed 58432K, reserved 1114112K
  class space    used 6070K, committed 6528K, reserved 1048576K
}
Event: 68.023 GC heap after
{Heap after GC invocations=51 (full 2):
 PSYoungGen      total 18432K, used 2293K [0x00000000eab00000, 0x00000000ec080000, 0x0000000100000000)
  eden space 15872K, 0% used [0x00000000eab00000,0x00000000eab00000,0x00000000eba80000)
  from space 2560K, 89% used [0x00000000ebc00000,0x00000000ebe3d430,0x00000000ebe80000)
  to   space 2048K, 0% used [0x00000000ebe80000,0x00000000ebe80000,0x00000000ec080000)
 ParOldGen       total 68608K, used 66709K [0x00000000c0000000, 0x00000000c4300000, 0x00000000eab00000)
  object space 68608K, 97% used [0x00000000c0000000,0x00000000c41254a8,0x00000000c4300000)
 Metaspace       used 57349K, committed 58432K, reserved 1114112K
  class space    used 6070K, committed 6528K, reserved 1048576K
}
Event: 68.706 GC heap before
{Heap before GC invocations=52 (full 3):
 PSYoungGen      total 18432K, used 18165K [0x00000000eab00000, 0x00000000ec080000, 0x0000000100000000)
  eden space 15872K, 100% used [0x00000000eab00000,0x00000000eba80000,0x00000000eba80000)
  from space 2560K, 89% used [0x00000000ebc00000,0x00000000ebe3d430,0x00000000ebe80000)
  to   space 2048K, 0% used [0x00000000ebe80000,0x00000000ebe80000,0x00000000ec080000)
 ParOldGen       total 68608K, used 66709K [0x00000000c0000000, 0x00000000c4300000, 0x00000000eab00000)
  object space 68608K, 97% used [0x00000000c0000000,0x00000000c41254a8,0x00000000c4300000)
 Metaspace       used 57716K, committed 58816K, reserved 1114112K
  class space    used 6103K, committed 6592K, reserved 1048576K
}
Event: 69.896 GC heap after
{Heap after GC invocations=52 (full 3):
 PSYoungGen      total 17920K, used 0K [0x00000000eab00000, 0x00000000ec080000, 0x0000000100000000)
  eden space 15872K, 0% used [0x00000000eab00000,0x00000000eab00000,0x00000000eba80000)
  from space 2048K, 0% used [0x00000000ebe80000,0x00000000ebe80000,0x00000000ec080000)
  to   space 3072K, 0% used [0x00000000eba80000,0x00000000eba80000,0x00000000ebd80000)
 ParOldGen       total 89600K, used 61787K [0x00000000c0000000, 0x00000000c5780000, 0x00000000eab00000)
  object space 89600K, 68% used [0x00000000c0000000,0x00000000c3c56f00,0x00000000c5780000)
 Metaspace       used 57716K, committed 58816K, reserved 1114112K
  class space    used 6103K, committed 6592K, reserved 1048576K
}

